Created by PLY version 3.11 (http://www.dabeaz.com/ply)

Grammar

Rule 0     S' -> Dimensional_Model
Rule 1     Dimensional_Model -> List_Dimensional_Tables
Rule 2     List_Dimensional_Tables -> Dimensional_Table
Rule 3     List_Attr_Def -> Attr_Def
Rule 4     List_Dimensional_Tables -> List_Dimensional_Tables Dimensional_Table
Rule 5     Dimensional_Table -> DIM ID LBRACE List_Attr_Def RBRACE
Rule 6     Dimensional_Table -> FACT ID LBRACE List_Attr_Def RBRACE
Rule 7     List_Attr_Def -> List_Attr_Def Attr_Def
Rule 8     Attr_Def -> Simple_Attr
Rule 9     Attr_Def -> Compound_Attr
Rule 10    Simple_Attr -> Attr Alias
Rule 11    Compound_Attr -> Arithmetic_Attr Alias
Rule 12    Arithmetic_Attr -> T X
Rule 13    X -> PLUS T X
Rule 14    X -> MINUS T X
Rule 15    X -> empty
Rule 16    T -> F Y
Rule 17    Y -> TIMES F Y
Rule 18    Y -> DIVIDE F Y
Rule 19    Y -> empty
Rule 20    F -> Simple_Attr
Rule 21    F -> NUMBER
Rule 22    F -> LPAREN Arithmetic_Attr RPAREN
Rule 23    Attr -> Table TWODOTS ID
Rule 24    Attr -> Table TWODOTS Func LPAREN ID RPAREN
Rule 25    Attr -> Table TWODOTS SUM LPAREN ID RPAREN GROUP Table TWODOTS ID
Rule 26    Attr -> Table TWODOTS AVG LPAREN ID RPAREN GROUP Table TWODOTS ID
Rule 27    Attr -> Table TWODOTS COUNT LPAREN ID RPAREN GROUP Table TWODOTS ID
Rule 28    Table -> ID
Rule 29    Table -> SELF
Rule 30    Func -> WEEKDAY
Rule 31    Func -> MONTHSTR
Rule 32    Alias -> AS ID
Rule 33    Alias -> empty
Rule 34    empty -> <empty>

Terminals, with rules where they appear

AS                   : 32
AVG                  : 26
COUNT                : 27
DIM                  : 5
DIVIDE               : 18
FACT                 : 6
GROUP                : 25 26 27
ID                   : 5 6 23 24 25 25 26 26 27 27 28 32
LBRACE               : 5 6
LPAREN               : 22 24 25 26 27
MINUS                : 14
MONTHSTR             : 31
NUMBER               : 21
PLUS                 : 13
RBRACE               : 5 6
RPAREN               : 22 24 25 26 27
SELF                 : 29
SUM                  : 25
TIMES                : 17
TWODOTS              : 23 24 25 25 26 26 27 27
WEEKDAY              : 30
error                : 

Nonterminals, with rules where they appear

Alias                : 10 11
Arithmetic_Attr      : 11 22
Attr                 : 10
Attr_Def             : 3 7
Compound_Attr        : 9
Dimensional_Model    : 0
Dimensional_Table    : 2 4
F                    : 16 17 18
Func                 : 24
List_Attr_Def        : 5 6 7
List_Dimensional_Tables : 1 4
Simple_Attr          : 8 20
T                    : 12 13 14
Table                : 23 24 25 25 26 26 27 27
X                    : 12 13 14
Y                    : 16 17 18
empty                : 15 19 33

Parsing method: LALR

state 0

    (0) S' -> . Dimensional_Model
    (1) Dimensional_Model -> . List_Dimensional_Tables
    (2) List_Dimensional_Tables -> . Dimensional_Table
    (4) List_Dimensional_Tables -> . List_Dimensional_Tables Dimensional_Table
    (5) Dimensional_Table -> . DIM ID LBRACE List_Attr_Def RBRACE
    (6) Dimensional_Table -> . FACT ID LBRACE List_Attr_Def RBRACE

    DIM             shift and go to state 4
    FACT            shift and go to state 5

    Dimensional_Model              shift and go to state 1
    List_Dimensional_Tables        shift and go to state 2
    Dimensional_Table              shift and go to state 3

state 1

    (0) S' -> Dimensional_Model .



state 2

    (1) Dimensional_Model -> List_Dimensional_Tables .
    (4) List_Dimensional_Tables -> List_Dimensional_Tables . Dimensional_Table
    (5) Dimensional_Table -> . DIM ID LBRACE List_Attr_Def RBRACE
    (6) Dimensional_Table -> . FACT ID LBRACE List_Attr_Def RBRACE

    $end            reduce using rule 1 (Dimensional_Model -> List_Dimensional_Tables .)
    DIM             shift and go to state 4
    FACT            shift and go to state 5

    Dimensional_Table              shift and go to state 6

state 3

    (2) List_Dimensional_Tables -> Dimensional_Table .

    DIM             reduce using rule 2 (List_Dimensional_Tables -> Dimensional_Table .)
    FACT            reduce using rule 2 (List_Dimensional_Tables -> Dimensional_Table .)
    $end            reduce using rule 2 (List_Dimensional_Tables -> Dimensional_Table .)


state 4

    (5) Dimensional_Table -> DIM . ID LBRACE List_Attr_Def RBRACE

    ID              shift and go to state 7


state 5

    (6) Dimensional_Table -> FACT . ID LBRACE List_Attr_Def RBRACE

    ID              shift and go to state 8


state 6

    (4) List_Dimensional_Tables -> List_Dimensional_Tables Dimensional_Table .

    DIM             reduce using rule 4 (List_Dimensional_Tables -> List_Dimensional_Tables Dimensional_Table .)
    FACT            reduce using rule 4 (List_Dimensional_Tables -> List_Dimensional_Tables Dimensional_Table .)
    $end            reduce using rule 4 (List_Dimensional_Tables -> List_Dimensional_Tables Dimensional_Table .)


state 7

    (5) Dimensional_Table -> DIM ID . LBRACE List_Attr_Def RBRACE

    LBRACE          shift and go to state 9


state 8

    (6) Dimensional_Table -> FACT ID . LBRACE List_Attr_Def RBRACE

    LBRACE          shift and go to state 10


state 9

    (5) Dimensional_Table -> DIM ID LBRACE . List_Attr_Def RBRACE
    (3) List_Attr_Def -> . Attr_Def
    (7) List_Attr_Def -> . List_Attr_Def Attr_Def
    (8) Attr_Def -> . Simple_Attr
    (9) Attr_Def -> . Compound_Attr
    (10) Simple_Attr -> . Attr Alias
    (11) Compound_Attr -> . Arithmetic_Attr Alias
    (23) Attr -> . Table TWODOTS ID
    (24) Attr -> . Table TWODOTS Func LPAREN ID RPAREN
    (25) Attr -> . Table TWODOTS SUM LPAREN ID RPAREN GROUP Table TWODOTS ID
    (26) Attr -> . Table TWODOTS AVG LPAREN ID RPAREN GROUP Table TWODOTS ID
    (27) Attr -> . Table TWODOTS COUNT LPAREN ID RPAREN GROUP Table TWODOTS ID
    (12) Arithmetic_Attr -> . T X
    (28) Table -> . ID
    (29) Table -> . SELF
    (16) T -> . F Y
    (20) F -> . Simple_Attr
    (21) F -> . NUMBER
    (22) F -> . LPAREN Arithmetic_Attr RPAREN

    ID              shift and go to state 11
    SELF            shift and go to state 21
    NUMBER          shift and go to state 23
    LPAREN          shift and go to state 19

    List_Attr_Def                  shift and go to state 12
    Attr_Def                       shift and go to state 13
    Simple_Attr                    shift and go to state 14
    Compound_Attr                  shift and go to state 15
    Attr                           shift and go to state 16
    Arithmetic_Attr                shift and go to state 17
    Table                          shift and go to state 18
    T                              shift and go to state 20
    F                              shift and go to state 22

state 10

    (6) Dimensional_Table -> FACT ID LBRACE . List_Attr_Def RBRACE
    (3) List_Attr_Def -> . Attr_Def
    (7) List_Attr_Def -> . List_Attr_Def Attr_Def
    (8) Attr_Def -> . Simple_Attr
    (9) Attr_Def -> . Compound_Attr
    (10) Simple_Attr -> . Attr Alias
    (11) Compound_Attr -> . Arithmetic_Attr Alias
    (23) Attr -> . Table TWODOTS ID
    (24) Attr -> . Table TWODOTS Func LPAREN ID RPAREN
    (25) Attr -> . Table TWODOTS SUM LPAREN ID RPAREN GROUP Table TWODOTS ID
    (26) Attr -> . Table TWODOTS AVG LPAREN ID RPAREN GROUP Table TWODOTS ID
    (27) Attr -> . Table TWODOTS COUNT LPAREN ID RPAREN GROUP Table TWODOTS ID
    (12) Arithmetic_Attr -> . T X
    (28) Table -> . ID
    (29) Table -> . SELF
    (16) T -> . F Y
    (20) F -> . Simple_Attr
    (21) F -> . NUMBER
    (22) F -> . LPAREN Arithmetic_Attr RPAREN

    ID              shift and go to state 11
    SELF            shift and go to state 21
    NUMBER          shift and go to state 23
    LPAREN          shift and go to state 19

    List_Attr_Def                  shift and go to state 24
    Attr_Def                       shift and go to state 13
    Simple_Attr                    shift and go to state 14
    Compound_Attr                  shift and go to state 15
    Attr                           shift and go to state 16
    Arithmetic_Attr                shift and go to state 17
    Table                          shift and go to state 18
    T                              shift and go to state 20
    F                              shift and go to state 22

state 11

    (28) Table -> ID .

    TWODOTS         reduce using rule 28 (Table -> ID .)


state 12

    (5) Dimensional_Table -> DIM ID LBRACE List_Attr_Def . RBRACE
    (7) List_Attr_Def -> List_Attr_Def . Attr_Def
    (8) Attr_Def -> . Simple_Attr
    (9) Attr_Def -> . Compound_Attr
    (10) Simple_Attr -> . Attr Alias
    (11) Compound_Attr -> . Arithmetic_Attr Alias
    (23) Attr -> . Table TWODOTS ID
    (24) Attr -> . Table TWODOTS Func LPAREN ID RPAREN
    (25) Attr -> . Table TWODOTS SUM LPAREN ID RPAREN GROUP Table TWODOTS ID
    (26) Attr -> . Table TWODOTS AVG LPAREN ID RPAREN GROUP Table TWODOTS ID
    (27) Attr -> . Table TWODOTS COUNT LPAREN ID RPAREN GROUP Table TWODOTS ID
    (12) Arithmetic_Attr -> . T X
    (28) Table -> . ID
    (29) Table -> . SELF
    (16) T -> . F Y
    (20) F -> . Simple_Attr
    (21) F -> . NUMBER
    (22) F -> . LPAREN Arithmetic_Attr RPAREN

    RBRACE          shift and go to state 25
    ID              shift and go to state 11
    SELF            shift and go to state 21
    NUMBER          shift and go to state 23
    LPAREN          shift and go to state 19

    Attr_Def                       shift and go to state 26
    Simple_Attr                    shift and go to state 14
    Compound_Attr                  shift and go to state 15
    Attr                           shift and go to state 16
    Arithmetic_Attr                shift and go to state 17
    Table                          shift and go to state 18
    T                              shift and go to state 20
    F                              shift and go to state 22

state 13

    (3) List_Attr_Def -> Attr_Def .

    RBRACE          reduce using rule 3 (List_Attr_Def -> Attr_Def .)
    ID              reduce using rule 3 (List_Attr_Def -> Attr_Def .)
    SELF            reduce using rule 3 (List_Attr_Def -> Attr_Def .)
    NUMBER          reduce using rule 3 (List_Attr_Def -> Attr_Def .)
    LPAREN          reduce using rule 3 (List_Attr_Def -> Attr_Def .)


state 14

    (8) Attr_Def -> Simple_Attr .
    (20) F -> Simple_Attr .

  ! reduce/reduce conflict for RBRACE resolved using rule 8 (Attr_Def -> Simple_Attr .)
  ! reduce/reduce conflict for ID resolved using rule 8 (Attr_Def -> Simple_Attr .)
  ! reduce/reduce conflict for SELF resolved using rule 8 (Attr_Def -> Simple_Attr .)
  ! reduce/reduce conflict for NUMBER resolved using rule 8 (Attr_Def -> Simple_Attr .)
  ! reduce/reduce conflict for LPAREN resolved using rule 8 (Attr_Def -> Simple_Attr .)
    RBRACE          reduce using rule 8 (Attr_Def -> Simple_Attr .)
    ID              reduce using rule 8 (Attr_Def -> Simple_Attr .)
    SELF            reduce using rule 8 (Attr_Def -> Simple_Attr .)
    NUMBER          reduce using rule 8 (Attr_Def -> Simple_Attr .)
    LPAREN          reduce using rule 8 (Attr_Def -> Simple_Attr .)
    TIMES           reduce using rule 20 (F -> Simple_Attr .)
    DIVIDE          reduce using rule 20 (F -> Simple_Attr .)
    PLUS            reduce using rule 20 (F -> Simple_Attr .)
    MINUS           reduce using rule 20 (F -> Simple_Attr .)
    AS              reduce using rule 20 (F -> Simple_Attr .)

  ! RBRACE          [ reduce using rule 20 (F -> Simple_Attr .) ]
  ! ID              [ reduce using rule 20 (F -> Simple_Attr .) ]
  ! SELF            [ reduce using rule 20 (F -> Simple_Attr .) ]
  ! NUMBER          [ reduce using rule 20 (F -> Simple_Attr .) ]
  ! LPAREN          [ reduce using rule 20 (F -> Simple_Attr .) ]


state 15

    (9) Attr_Def -> Compound_Attr .

    RBRACE          reduce using rule 9 (Attr_Def -> Compound_Attr .)
    ID              reduce using rule 9 (Attr_Def -> Compound_Attr .)
    SELF            reduce using rule 9 (Attr_Def -> Compound_Attr .)
    NUMBER          reduce using rule 9 (Attr_Def -> Compound_Attr .)
    LPAREN          reduce using rule 9 (Attr_Def -> Compound_Attr .)


state 16

    (10) Simple_Attr -> Attr . Alias
    (32) Alias -> . AS ID
    (33) Alias -> . empty
    (34) empty -> .

  ! shift/reduce conflict for AS resolved as shift
    AS              shift and go to state 28
    RBRACE          reduce using rule 34 (empty -> .)
    ID              reduce using rule 34 (empty -> .)
    SELF            reduce using rule 34 (empty -> .)
    NUMBER          reduce using rule 34 (empty -> .)
    LPAREN          reduce using rule 34 (empty -> .)
    TIMES           reduce using rule 34 (empty -> .)
    DIVIDE          reduce using rule 34 (empty -> .)
    PLUS            reduce using rule 34 (empty -> .)
    MINUS           reduce using rule 34 (empty -> .)
    RPAREN          reduce using rule 34 (empty -> .)

  ! AS              [ reduce using rule 34 (empty -> .) ]

    Alias                          shift and go to state 27
    empty                          shift and go to state 29

state 17

    (11) Compound_Attr -> Arithmetic_Attr . Alias
    (32) Alias -> . AS ID
    (33) Alias -> . empty
    (34) empty -> .

    AS              shift and go to state 28
    RBRACE          reduce using rule 34 (empty -> .)
    ID              reduce using rule 34 (empty -> .)
    SELF            reduce using rule 34 (empty -> .)
    NUMBER          reduce using rule 34 (empty -> .)
    LPAREN          reduce using rule 34 (empty -> .)

    Alias                          shift and go to state 30
    empty                          shift and go to state 29

state 18

    (23) Attr -> Table . TWODOTS ID
    (24) Attr -> Table . TWODOTS Func LPAREN ID RPAREN
    (25) Attr -> Table . TWODOTS SUM LPAREN ID RPAREN GROUP Table TWODOTS ID
    (26) Attr -> Table . TWODOTS AVG LPAREN ID RPAREN GROUP Table TWODOTS ID
    (27) Attr -> Table . TWODOTS COUNT LPAREN ID RPAREN GROUP Table TWODOTS ID

    TWODOTS         shift and go to state 31


state 19

    (22) F -> LPAREN . Arithmetic_Attr RPAREN
    (12) Arithmetic_Attr -> . T X
    (16) T -> . F Y
    (20) F -> . Simple_Attr
    (21) F -> . NUMBER
    (22) F -> . LPAREN Arithmetic_Attr RPAREN
    (10) Simple_Attr -> . Attr Alias
    (23) Attr -> . Table TWODOTS ID
    (24) Attr -> . Table TWODOTS Func LPAREN ID RPAREN
    (25) Attr -> . Table TWODOTS SUM LPAREN ID RPAREN GROUP Table TWODOTS ID
    (26) Attr -> . Table TWODOTS AVG LPAREN ID RPAREN GROUP Table TWODOTS ID
    (27) Attr -> . Table TWODOTS COUNT LPAREN ID RPAREN GROUP Table TWODOTS ID
    (28) Table -> . ID
    (29) Table -> . SELF

    NUMBER          shift and go to state 23
    LPAREN          shift and go to state 19
    ID              shift and go to state 11
    SELF            shift and go to state 21

    Arithmetic_Attr                shift and go to state 32
    T                              shift and go to state 20
    F                              shift and go to state 22
    Simple_Attr                    shift and go to state 33
    Attr                           shift and go to state 16
    Table                          shift and go to state 18

state 20

    (12) Arithmetic_Attr -> T . X
    (13) X -> . PLUS T X
    (14) X -> . MINUS T X
    (15) X -> . empty
    (34) empty -> .

    PLUS            shift and go to state 35
    MINUS           shift and go to state 36
    AS              reduce using rule 34 (empty -> .)
    RBRACE          reduce using rule 34 (empty -> .)
    ID              reduce using rule 34 (empty -> .)
    SELF            reduce using rule 34 (empty -> .)
    NUMBER          reduce using rule 34 (empty -> .)
    LPAREN          reduce using rule 34 (empty -> .)
    RPAREN          reduce using rule 34 (empty -> .)

    X                              shift and go to state 34
    empty                          shift and go to state 37

state 21

    (29) Table -> SELF .

    TWODOTS         reduce using rule 29 (Table -> SELF .)


state 22

    (16) T -> F . Y
    (17) Y -> . TIMES F Y
    (18) Y -> . DIVIDE F Y
    (19) Y -> . empty
    (34) empty -> .

    TIMES           shift and go to state 39
    DIVIDE          shift and go to state 40
    PLUS            reduce using rule 34 (empty -> .)
    MINUS           reduce using rule 34 (empty -> .)
    AS              reduce using rule 34 (empty -> .)
    RBRACE          reduce using rule 34 (empty -> .)
    ID              reduce using rule 34 (empty -> .)
    SELF            reduce using rule 34 (empty -> .)
    NUMBER          reduce using rule 34 (empty -> .)
    LPAREN          reduce using rule 34 (empty -> .)
    RPAREN          reduce using rule 34 (empty -> .)

    Y                              shift and go to state 38
    empty                          shift and go to state 41

state 23

    (21) F -> NUMBER .

    TIMES           reduce using rule 21 (F -> NUMBER .)
    DIVIDE          reduce using rule 21 (F -> NUMBER .)
    PLUS            reduce using rule 21 (F -> NUMBER .)
    MINUS           reduce using rule 21 (F -> NUMBER .)
    AS              reduce using rule 21 (F -> NUMBER .)
    RBRACE          reduce using rule 21 (F -> NUMBER .)
    ID              reduce using rule 21 (F -> NUMBER .)
    SELF            reduce using rule 21 (F -> NUMBER .)
    NUMBER          reduce using rule 21 (F -> NUMBER .)
    LPAREN          reduce using rule 21 (F -> NUMBER .)
    RPAREN          reduce using rule 21 (F -> NUMBER .)


state 24

    (6) Dimensional_Table -> FACT ID LBRACE List_Attr_Def . RBRACE
    (7) List_Attr_Def -> List_Attr_Def . Attr_Def
    (8) Attr_Def -> . Simple_Attr
    (9) Attr_Def -> . Compound_Attr
    (10) Simple_Attr -> . Attr Alias
    (11) Compound_Attr -> . Arithmetic_Attr Alias
    (23) Attr -> . Table TWODOTS ID
    (24) Attr -> . Table TWODOTS Func LPAREN ID RPAREN
    (25) Attr -> . Table TWODOTS SUM LPAREN ID RPAREN GROUP Table TWODOTS ID
    (26) Attr -> . Table TWODOTS AVG LPAREN ID RPAREN GROUP Table TWODOTS ID
    (27) Attr -> . Table TWODOTS COUNT LPAREN ID RPAREN GROUP Table TWODOTS ID
    (12) Arithmetic_Attr -> . T X
    (28) Table -> . ID
    (29) Table -> . SELF
    (16) T -> . F Y
    (20) F -> . Simple_Attr
    (21) F -> . NUMBER
    (22) F -> . LPAREN Arithmetic_Attr RPAREN

    RBRACE          shift and go to state 42
    ID              shift and go to state 11
    SELF            shift and go to state 21
    NUMBER          shift and go to state 23
    LPAREN          shift and go to state 19

    Attr_Def                       shift and go to state 26
    Simple_Attr                    shift and go to state 14
    Compound_Attr                  shift and go to state 15
    Attr                           shift and go to state 16
    Arithmetic_Attr                shift and go to state 17
    Table                          shift and go to state 18
    T                              shift and go to state 20
    F                              shift and go to state 22

state 25

    (5) Dimensional_Table -> DIM ID LBRACE List_Attr_Def RBRACE .

    DIM             reduce using rule 5 (Dimensional_Table -> DIM ID LBRACE List_Attr_Def RBRACE .)
    FACT            reduce using rule 5 (Dimensional_Table -> DIM ID LBRACE List_Attr_Def RBRACE .)
    $end            reduce using rule 5 (Dimensional_Table -> DIM ID LBRACE List_Attr_Def RBRACE .)


state 26

    (7) List_Attr_Def -> List_Attr_Def Attr_Def .

    RBRACE          reduce using rule 7 (List_Attr_Def -> List_Attr_Def Attr_Def .)
    ID              reduce using rule 7 (List_Attr_Def -> List_Attr_Def Attr_Def .)
    SELF            reduce using rule 7 (List_Attr_Def -> List_Attr_Def Attr_Def .)
    NUMBER          reduce using rule 7 (List_Attr_Def -> List_Attr_Def Attr_Def .)
    LPAREN          reduce using rule 7 (List_Attr_Def -> List_Attr_Def Attr_Def .)


state 27

    (10) Simple_Attr -> Attr Alias .

    RBRACE          reduce using rule 10 (Simple_Attr -> Attr Alias .)
    ID              reduce using rule 10 (Simple_Attr -> Attr Alias .)
    SELF            reduce using rule 10 (Simple_Attr -> Attr Alias .)
    NUMBER          reduce using rule 10 (Simple_Attr -> Attr Alias .)
    LPAREN          reduce using rule 10 (Simple_Attr -> Attr Alias .)
    TIMES           reduce using rule 10 (Simple_Attr -> Attr Alias .)
    DIVIDE          reduce using rule 10 (Simple_Attr -> Attr Alias .)
    PLUS            reduce using rule 10 (Simple_Attr -> Attr Alias .)
    MINUS           reduce using rule 10 (Simple_Attr -> Attr Alias .)
    AS              reduce using rule 10 (Simple_Attr -> Attr Alias .)
    RPAREN          reduce using rule 10 (Simple_Attr -> Attr Alias .)


state 28

    (32) Alias -> AS . ID

    ID              shift and go to state 43


state 29

    (33) Alias -> empty .

    RBRACE          reduce using rule 33 (Alias -> empty .)
    ID              reduce using rule 33 (Alias -> empty .)
    SELF            reduce using rule 33 (Alias -> empty .)
    NUMBER          reduce using rule 33 (Alias -> empty .)
    LPAREN          reduce using rule 33 (Alias -> empty .)
    TIMES           reduce using rule 33 (Alias -> empty .)
    DIVIDE          reduce using rule 33 (Alias -> empty .)
    PLUS            reduce using rule 33 (Alias -> empty .)
    MINUS           reduce using rule 33 (Alias -> empty .)
    AS              reduce using rule 33 (Alias -> empty .)
    RPAREN          reduce using rule 33 (Alias -> empty .)


state 30

    (11) Compound_Attr -> Arithmetic_Attr Alias .

    RBRACE          reduce using rule 11 (Compound_Attr -> Arithmetic_Attr Alias .)
    ID              reduce using rule 11 (Compound_Attr -> Arithmetic_Attr Alias .)
    SELF            reduce using rule 11 (Compound_Attr -> Arithmetic_Attr Alias .)
    NUMBER          reduce using rule 11 (Compound_Attr -> Arithmetic_Attr Alias .)
    LPAREN          reduce using rule 11 (Compound_Attr -> Arithmetic_Attr Alias .)


state 31

    (23) Attr -> Table TWODOTS . ID
    (24) Attr -> Table TWODOTS . Func LPAREN ID RPAREN
    (25) Attr -> Table TWODOTS . SUM LPAREN ID RPAREN GROUP Table TWODOTS ID
    (26) Attr -> Table TWODOTS . AVG LPAREN ID RPAREN GROUP Table TWODOTS ID
    (27) Attr -> Table TWODOTS . COUNT LPAREN ID RPAREN GROUP Table TWODOTS ID
    (30) Func -> . WEEKDAY
    (31) Func -> . MONTHSTR

    ID              shift and go to state 44
    SUM             shift and go to state 46
    AVG             shift and go to state 47
    COUNT           shift and go to state 48
    WEEKDAY         shift and go to state 49
    MONTHSTR        shift and go to state 50

    Func                           shift and go to state 45

state 32

    (22) F -> LPAREN Arithmetic_Attr . RPAREN

    RPAREN          shift and go to state 51


state 33

    (20) F -> Simple_Attr .

    TIMES           reduce using rule 20 (F -> Simple_Attr .)
    DIVIDE          reduce using rule 20 (F -> Simple_Attr .)
    PLUS            reduce using rule 20 (F -> Simple_Attr .)
    MINUS           reduce using rule 20 (F -> Simple_Attr .)
    RPAREN          reduce using rule 20 (F -> Simple_Attr .)
    AS              reduce using rule 20 (F -> Simple_Attr .)
    RBRACE          reduce using rule 20 (F -> Simple_Attr .)
    ID              reduce using rule 20 (F -> Simple_Attr .)
    SELF            reduce using rule 20 (F -> Simple_Attr .)
    NUMBER          reduce using rule 20 (F -> Simple_Attr .)
    LPAREN          reduce using rule 20 (F -> Simple_Attr .)


state 34

    (12) Arithmetic_Attr -> T X .

    AS              reduce using rule 12 (Arithmetic_Attr -> T X .)
    RBRACE          reduce using rule 12 (Arithmetic_Attr -> T X .)
    ID              reduce using rule 12 (Arithmetic_Attr -> T X .)
    SELF            reduce using rule 12 (Arithmetic_Attr -> T X .)
    NUMBER          reduce using rule 12 (Arithmetic_Attr -> T X .)
    LPAREN          reduce using rule 12 (Arithmetic_Attr -> T X .)
    RPAREN          reduce using rule 12 (Arithmetic_Attr -> T X .)


state 35

    (13) X -> PLUS . T X
    (16) T -> . F Y
    (20) F -> . Simple_Attr
    (21) F -> . NUMBER
    (22) F -> . LPAREN Arithmetic_Attr RPAREN
    (10) Simple_Attr -> . Attr Alias
    (23) Attr -> . Table TWODOTS ID
    (24) Attr -> . Table TWODOTS Func LPAREN ID RPAREN
    (25) Attr -> . Table TWODOTS SUM LPAREN ID RPAREN GROUP Table TWODOTS ID
    (26) Attr -> . Table TWODOTS AVG LPAREN ID RPAREN GROUP Table TWODOTS ID
    (27) Attr -> . Table TWODOTS COUNT LPAREN ID RPAREN GROUP Table TWODOTS ID
    (28) Table -> . ID
    (29) Table -> . SELF

    NUMBER          shift and go to state 23
    LPAREN          shift and go to state 19
    ID              shift and go to state 11
    SELF            shift and go to state 21

    T                              shift and go to state 52
    F                              shift and go to state 22
    Simple_Attr                    shift and go to state 33
    Attr                           shift and go to state 16
    Table                          shift and go to state 18

state 36

    (14) X -> MINUS . T X
    (16) T -> . F Y
    (20) F -> . Simple_Attr
    (21) F -> . NUMBER
    (22) F -> . LPAREN Arithmetic_Attr RPAREN
    (10) Simple_Attr -> . Attr Alias
    (23) Attr -> . Table TWODOTS ID
    (24) Attr -> . Table TWODOTS Func LPAREN ID RPAREN
    (25) Attr -> . Table TWODOTS SUM LPAREN ID RPAREN GROUP Table TWODOTS ID
    (26) Attr -> . Table TWODOTS AVG LPAREN ID RPAREN GROUP Table TWODOTS ID
    (27) Attr -> . Table TWODOTS COUNT LPAREN ID RPAREN GROUP Table TWODOTS ID
    (28) Table -> . ID
    (29) Table -> . SELF

    NUMBER          shift and go to state 23
    LPAREN          shift and go to state 19
    ID              shift and go to state 11
    SELF            shift and go to state 21

    T                              shift and go to state 53
    F                              shift and go to state 22
    Simple_Attr                    shift and go to state 33
    Attr                           shift and go to state 16
    Table                          shift and go to state 18

state 37

    (15) X -> empty .

    AS              reduce using rule 15 (X -> empty .)
    RBRACE          reduce using rule 15 (X -> empty .)
    ID              reduce using rule 15 (X -> empty .)
    SELF            reduce using rule 15 (X -> empty .)
    NUMBER          reduce using rule 15 (X -> empty .)
    LPAREN          reduce using rule 15 (X -> empty .)
    RPAREN          reduce using rule 15 (X -> empty .)


state 38

    (16) T -> F Y .

    PLUS            reduce using rule 16 (T -> F Y .)
    MINUS           reduce using rule 16 (T -> F Y .)
    AS              reduce using rule 16 (T -> F Y .)
    RBRACE          reduce using rule 16 (T -> F Y .)
    ID              reduce using rule 16 (T -> F Y .)
    SELF            reduce using rule 16 (T -> F Y .)
    NUMBER          reduce using rule 16 (T -> F Y .)
    LPAREN          reduce using rule 16 (T -> F Y .)
    RPAREN          reduce using rule 16 (T -> F Y .)


state 39

    (17) Y -> TIMES . F Y
    (20) F -> . Simple_Attr
    (21) F -> . NUMBER
    (22) F -> . LPAREN Arithmetic_Attr RPAREN
    (10) Simple_Attr -> . Attr Alias
    (23) Attr -> . Table TWODOTS ID
    (24) Attr -> . Table TWODOTS Func LPAREN ID RPAREN
    (25) Attr -> . Table TWODOTS SUM LPAREN ID RPAREN GROUP Table TWODOTS ID
    (26) Attr -> . Table TWODOTS AVG LPAREN ID RPAREN GROUP Table TWODOTS ID
    (27) Attr -> . Table TWODOTS COUNT LPAREN ID RPAREN GROUP Table TWODOTS ID
    (28) Table -> . ID
    (29) Table -> . SELF

    NUMBER          shift and go to state 23
    LPAREN          shift and go to state 19
    ID              shift and go to state 11
    SELF            shift and go to state 21

    F                              shift and go to state 54
    Simple_Attr                    shift and go to state 33
    Attr                           shift and go to state 16
    Table                          shift and go to state 18

state 40

    (18) Y -> DIVIDE . F Y
    (20) F -> . Simple_Attr
    (21) F -> . NUMBER
    (22) F -> . LPAREN Arithmetic_Attr RPAREN
    (10) Simple_Attr -> . Attr Alias
    (23) Attr -> . Table TWODOTS ID
    (24) Attr -> . Table TWODOTS Func LPAREN ID RPAREN
    (25) Attr -> . Table TWODOTS SUM LPAREN ID RPAREN GROUP Table TWODOTS ID
    (26) Attr -> . Table TWODOTS AVG LPAREN ID RPAREN GROUP Table TWODOTS ID
    (27) Attr -> . Table TWODOTS COUNT LPAREN ID RPAREN GROUP Table TWODOTS ID
    (28) Table -> . ID
    (29) Table -> . SELF

    NUMBER          shift and go to state 23
    LPAREN          shift and go to state 19
    ID              shift and go to state 11
    SELF            shift and go to state 21

    F                              shift and go to state 55
    Simple_Attr                    shift and go to state 33
    Attr                           shift and go to state 16
    Table                          shift and go to state 18

state 41

    (19) Y -> empty .

    PLUS            reduce using rule 19 (Y -> empty .)
    MINUS           reduce using rule 19 (Y -> empty .)
    AS              reduce using rule 19 (Y -> empty .)
    RBRACE          reduce using rule 19 (Y -> empty .)
    ID              reduce using rule 19 (Y -> empty .)
    SELF            reduce using rule 19 (Y -> empty .)
    NUMBER          reduce using rule 19 (Y -> empty .)
    LPAREN          reduce using rule 19 (Y -> empty .)
    RPAREN          reduce using rule 19 (Y -> empty .)


state 42

    (6) Dimensional_Table -> FACT ID LBRACE List_Attr_Def RBRACE .

    DIM             reduce using rule 6 (Dimensional_Table -> FACT ID LBRACE List_Attr_Def RBRACE .)
    FACT            reduce using rule 6 (Dimensional_Table -> FACT ID LBRACE List_Attr_Def RBRACE .)
    $end            reduce using rule 6 (Dimensional_Table -> FACT ID LBRACE List_Attr_Def RBRACE .)


state 43

    (32) Alias -> AS ID .

    RBRACE          reduce using rule 32 (Alias -> AS ID .)
    ID              reduce using rule 32 (Alias -> AS ID .)
    SELF            reduce using rule 32 (Alias -> AS ID .)
    NUMBER          reduce using rule 32 (Alias -> AS ID .)
    LPAREN          reduce using rule 32 (Alias -> AS ID .)
    TIMES           reduce using rule 32 (Alias -> AS ID .)
    DIVIDE          reduce using rule 32 (Alias -> AS ID .)
    PLUS            reduce using rule 32 (Alias -> AS ID .)
    MINUS           reduce using rule 32 (Alias -> AS ID .)
    AS              reduce using rule 32 (Alias -> AS ID .)
    RPAREN          reduce using rule 32 (Alias -> AS ID .)


state 44

    (23) Attr -> Table TWODOTS ID .

    AS              reduce using rule 23 (Attr -> Table TWODOTS ID .)
    RBRACE          reduce using rule 23 (Attr -> Table TWODOTS ID .)
    ID              reduce using rule 23 (Attr -> Table TWODOTS ID .)
    SELF            reduce using rule 23 (Attr -> Table TWODOTS ID .)
    NUMBER          reduce using rule 23 (Attr -> Table TWODOTS ID .)
    LPAREN          reduce using rule 23 (Attr -> Table TWODOTS ID .)
    TIMES           reduce using rule 23 (Attr -> Table TWODOTS ID .)
    DIVIDE          reduce using rule 23 (Attr -> Table TWODOTS ID .)
    PLUS            reduce using rule 23 (Attr -> Table TWODOTS ID .)
    MINUS           reduce using rule 23 (Attr -> Table TWODOTS ID .)
    RPAREN          reduce using rule 23 (Attr -> Table TWODOTS ID .)


state 45

    (24) Attr -> Table TWODOTS Func . LPAREN ID RPAREN

    LPAREN          shift and go to state 56


state 46

    (25) Attr -> Table TWODOTS SUM . LPAREN ID RPAREN GROUP Table TWODOTS ID

    LPAREN          shift and go to state 57


state 47

    (26) Attr -> Table TWODOTS AVG . LPAREN ID RPAREN GROUP Table TWODOTS ID

    LPAREN          shift and go to state 58


state 48

    (27) Attr -> Table TWODOTS COUNT . LPAREN ID RPAREN GROUP Table TWODOTS ID

    LPAREN          shift and go to state 59


state 49

    (30) Func -> WEEKDAY .

    LPAREN          reduce using rule 30 (Func -> WEEKDAY .)


state 50

    (31) Func -> MONTHSTR .

    LPAREN          reduce using rule 31 (Func -> MONTHSTR .)


state 51

    (22) F -> LPAREN Arithmetic_Attr RPAREN .

    TIMES           reduce using rule 22 (F -> LPAREN Arithmetic_Attr RPAREN .)
    DIVIDE          reduce using rule 22 (F -> LPAREN Arithmetic_Attr RPAREN .)
    PLUS            reduce using rule 22 (F -> LPAREN Arithmetic_Attr RPAREN .)
    MINUS           reduce using rule 22 (F -> LPAREN Arithmetic_Attr RPAREN .)
    AS              reduce using rule 22 (F -> LPAREN Arithmetic_Attr RPAREN .)
    RBRACE          reduce using rule 22 (F -> LPAREN Arithmetic_Attr RPAREN .)
    ID              reduce using rule 22 (F -> LPAREN Arithmetic_Attr RPAREN .)
    SELF            reduce using rule 22 (F -> LPAREN Arithmetic_Attr RPAREN .)
    NUMBER          reduce using rule 22 (F -> LPAREN Arithmetic_Attr RPAREN .)
    LPAREN          reduce using rule 22 (F -> LPAREN Arithmetic_Attr RPAREN .)
    RPAREN          reduce using rule 22 (F -> LPAREN Arithmetic_Attr RPAREN .)


state 52

    (13) X -> PLUS T . X
    (13) X -> . PLUS T X
    (14) X -> . MINUS T X
    (15) X -> . empty
    (34) empty -> .

    PLUS            shift and go to state 35
    MINUS           shift and go to state 36
    AS              reduce using rule 34 (empty -> .)
    RBRACE          reduce using rule 34 (empty -> .)
    ID              reduce using rule 34 (empty -> .)
    SELF            reduce using rule 34 (empty -> .)
    NUMBER          reduce using rule 34 (empty -> .)
    LPAREN          reduce using rule 34 (empty -> .)
    RPAREN          reduce using rule 34 (empty -> .)

    X                              shift and go to state 60
    empty                          shift and go to state 37

state 53

    (14) X -> MINUS T . X
    (13) X -> . PLUS T X
    (14) X -> . MINUS T X
    (15) X -> . empty
    (34) empty -> .

    PLUS            shift and go to state 35
    MINUS           shift and go to state 36
    AS              reduce using rule 34 (empty -> .)
    RBRACE          reduce using rule 34 (empty -> .)
    ID              reduce using rule 34 (empty -> .)
    SELF            reduce using rule 34 (empty -> .)
    NUMBER          reduce using rule 34 (empty -> .)
    LPAREN          reduce using rule 34 (empty -> .)
    RPAREN          reduce using rule 34 (empty -> .)

    X                              shift and go to state 61
    empty                          shift and go to state 37

state 54

    (17) Y -> TIMES F . Y
    (17) Y -> . TIMES F Y
    (18) Y -> . DIVIDE F Y
    (19) Y -> . empty
    (34) empty -> .

    TIMES           shift and go to state 39
    DIVIDE          shift and go to state 40
    PLUS            reduce using rule 34 (empty -> .)
    MINUS           reduce using rule 34 (empty -> .)
    AS              reduce using rule 34 (empty -> .)
    RBRACE          reduce using rule 34 (empty -> .)
    ID              reduce using rule 34 (empty -> .)
    SELF            reduce using rule 34 (empty -> .)
    NUMBER          reduce using rule 34 (empty -> .)
    LPAREN          reduce using rule 34 (empty -> .)
    RPAREN          reduce using rule 34 (empty -> .)

    Y                              shift and go to state 62
    empty                          shift and go to state 41

state 55

    (18) Y -> DIVIDE F . Y
    (17) Y -> . TIMES F Y
    (18) Y -> . DIVIDE F Y
    (19) Y -> . empty
    (34) empty -> .

    TIMES           shift and go to state 39
    DIVIDE          shift and go to state 40
    PLUS            reduce using rule 34 (empty -> .)
    MINUS           reduce using rule 34 (empty -> .)
    AS              reduce using rule 34 (empty -> .)
    RBRACE          reduce using rule 34 (empty -> .)
    ID              reduce using rule 34 (empty -> .)
    SELF            reduce using rule 34 (empty -> .)
    NUMBER          reduce using rule 34 (empty -> .)
    LPAREN          reduce using rule 34 (empty -> .)
    RPAREN          reduce using rule 34 (empty -> .)

    Y                              shift and go to state 63
    empty                          shift and go to state 41

state 56

    (24) Attr -> Table TWODOTS Func LPAREN . ID RPAREN

    ID              shift and go to state 64


state 57

    (25) Attr -> Table TWODOTS SUM LPAREN . ID RPAREN GROUP Table TWODOTS ID

    ID              shift and go to state 65


state 58

    (26) Attr -> Table TWODOTS AVG LPAREN . ID RPAREN GROUP Table TWODOTS ID

    ID              shift and go to state 66


state 59

    (27) Attr -> Table TWODOTS COUNT LPAREN . ID RPAREN GROUP Table TWODOTS ID

    ID              shift and go to state 67


state 60

    (13) X -> PLUS T X .

    AS              reduce using rule 13 (X -> PLUS T X .)
    RBRACE          reduce using rule 13 (X -> PLUS T X .)
    ID              reduce using rule 13 (X -> PLUS T X .)
    SELF            reduce using rule 13 (X -> PLUS T X .)
    NUMBER          reduce using rule 13 (X -> PLUS T X .)
    LPAREN          reduce using rule 13 (X -> PLUS T X .)
    RPAREN          reduce using rule 13 (X -> PLUS T X .)


state 61

    (14) X -> MINUS T X .

    AS              reduce using rule 14 (X -> MINUS T X .)
    RBRACE          reduce using rule 14 (X -> MINUS T X .)
    ID              reduce using rule 14 (X -> MINUS T X .)
    SELF            reduce using rule 14 (X -> MINUS T X .)
    NUMBER          reduce using rule 14 (X -> MINUS T X .)
    LPAREN          reduce using rule 14 (X -> MINUS T X .)
    RPAREN          reduce using rule 14 (X -> MINUS T X .)


state 62

    (17) Y -> TIMES F Y .

    PLUS            reduce using rule 17 (Y -> TIMES F Y .)
    MINUS           reduce using rule 17 (Y -> TIMES F Y .)
    AS              reduce using rule 17 (Y -> TIMES F Y .)
    RBRACE          reduce using rule 17 (Y -> TIMES F Y .)
    ID              reduce using rule 17 (Y -> TIMES F Y .)
    SELF            reduce using rule 17 (Y -> TIMES F Y .)
    NUMBER          reduce using rule 17 (Y -> TIMES F Y .)
    LPAREN          reduce using rule 17 (Y -> TIMES F Y .)
    RPAREN          reduce using rule 17 (Y -> TIMES F Y .)


state 63

    (18) Y -> DIVIDE F Y .

    PLUS            reduce using rule 18 (Y -> DIVIDE F Y .)
    MINUS           reduce using rule 18 (Y -> DIVIDE F Y .)
    AS              reduce using rule 18 (Y -> DIVIDE F Y .)
    RBRACE          reduce using rule 18 (Y -> DIVIDE F Y .)
    ID              reduce using rule 18 (Y -> DIVIDE F Y .)
    SELF            reduce using rule 18 (Y -> DIVIDE F Y .)
    NUMBER          reduce using rule 18 (Y -> DIVIDE F Y .)
    LPAREN          reduce using rule 18 (Y -> DIVIDE F Y .)
    RPAREN          reduce using rule 18 (Y -> DIVIDE F Y .)


state 64

    (24) Attr -> Table TWODOTS Func LPAREN ID . RPAREN

    RPAREN          shift and go to state 68


state 65

    (25) Attr -> Table TWODOTS SUM LPAREN ID . RPAREN GROUP Table TWODOTS ID

    RPAREN          shift and go to state 69


state 66

    (26) Attr -> Table TWODOTS AVG LPAREN ID . RPAREN GROUP Table TWODOTS ID

    RPAREN          shift and go to state 70


state 67

    (27) Attr -> Table TWODOTS COUNT LPAREN ID . RPAREN GROUP Table TWODOTS ID

    RPAREN          shift and go to state 71


state 68

    (24) Attr -> Table TWODOTS Func LPAREN ID RPAREN .

    AS              reduce using rule 24 (Attr -> Table TWODOTS Func LPAREN ID RPAREN .)
    RBRACE          reduce using rule 24 (Attr -> Table TWODOTS Func LPAREN ID RPAREN .)
    ID              reduce using rule 24 (Attr -> Table TWODOTS Func LPAREN ID RPAREN .)
    SELF            reduce using rule 24 (Attr -> Table TWODOTS Func LPAREN ID RPAREN .)
    NUMBER          reduce using rule 24 (Attr -> Table TWODOTS Func LPAREN ID RPAREN .)
    LPAREN          reduce using rule 24 (Attr -> Table TWODOTS Func LPAREN ID RPAREN .)
    TIMES           reduce using rule 24 (Attr -> Table TWODOTS Func LPAREN ID RPAREN .)
    DIVIDE          reduce using rule 24 (Attr -> Table TWODOTS Func LPAREN ID RPAREN .)
    PLUS            reduce using rule 24 (Attr -> Table TWODOTS Func LPAREN ID RPAREN .)
    MINUS           reduce using rule 24 (Attr -> Table TWODOTS Func LPAREN ID RPAREN .)
    RPAREN          reduce using rule 24 (Attr -> Table TWODOTS Func LPAREN ID RPAREN .)


state 69

    (25) Attr -> Table TWODOTS SUM LPAREN ID RPAREN . GROUP Table TWODOTS ID

    GROUP           shift and go to state 72


state 70

    (26) Attr -> Table TWODOTS AVG LPAREN ID RPAREN . GROUP Table TWODOTS ID

    GROUP           shift and go to state 73


state 71

    (27) Attr -> Table TWODOTS COUNT LPAREN ID RPAREN . GROUP Table TWODOTS ID

    GROUP           shift and go to state 74


state 72

    (25) Attr -> Table TWODOTS SUM LPAREN ID RPAREN GROUP . Table TWODOTS ID
    (28) Table -> . ID
    (29) Table -> . SELF

    ID              shift and go to state 11
    SELF            shift and go to state 21

    Table                          shift and go to state 75

state 73

    (26) Attr -> Table TWODOTS AVG LPAREN ID RPAREN GROUP . Table TWODOTS ID
    (28) Table -> . ID
    (29) Table -> . SELF

    ID              shift and go to state 11
    SELF            shift and go to state 21

    Table                          shift and go to state 76

state 74

    (27) Attr -> Table TWODOTS COUNT LPAREN ID RPAREN GROUP . Table TWODOTS ID
    (28) Table -> . ID
    (29) Table -> . SELF

    ID              shift and go to state 11
    SELF            shift and go to state 21

    Table                          shift and go to state 77

state 75

    (25) Attr -> Table TWODOTS SUM LPAREN ID RPAREN GROUP Table . TWODOTS ID

    TWODOTS         shift and go to state 78


state 76

    (26) Attr -> Table TWODOTS AVG LPAREN ID RPAREN GROUP Table . TWODOTS ID

    TWODOTS         shift and go to state 79


state 77

    (27) Attr -> Table TWODOTS COUNT LPAREN ID RPAREN GROUP Table . TWODOTS ID

    TWODOTS         shift and go to state 80


state 78

    (25) Attr -> Table TWODOTS SUM LPAREN ID RPAREN GROUP Table TWODOTS . ID

    ID              shift and go to state 81


state 79

    (26) Attr -> Table TWODOTS AVG LPAREN ID RPAREN GROUP Table TWODOTS . ID

    ID              shift and go to state 82


state 80

    (27) Attr -> Table TWODOTS COUNT LPAREN ID RPAREN GROUP Table TWODOTS . ID

    ID              shift and go to state 83


state 81

    (25) Attr -> Table TWODOTS SUM LPAREN ID RPAREN GROUP Table TWODOTS ID .

    AS              reduce using rule 25 (Attr -> Table TWODOTS SUM LPAREN ID RPAREN GROUP Table TWODOTS ID .)
    RBRACE          reduce using rule 25 (Attr -> Table TWODOTS SUM LPAREN ID RPAREN GROUP Table TWODOTS ID .)
    ID              reduce using rule 25 (Attr -> Table TWODOTS SUM LPAREN ID RPAREN GROUP Table TWODOTS ID .)
    SELF            reduce using rule 25 (Attr -> Table TWODOTS SUM LPAREN ID RPAREN GROUP Table TWODOTS ID .)
    NUMBER          reduce using rule 25 (Attr -> Table TWODOTS SUM LPAREN ID RPAREN GROUP Table TWODOTS ID .)
    LPAREN          reduce using rule 25 (Attr -> Table TWODOTS SUM LPAREN ID RPAREN GROUP Table TWODOTS ID .)
    TIMES           reduce using rule 25 (Attr -> Table TWODOTS SUM LPAREN ID RPAREN GROUP Table TWODOTS ID .)
    DIVIDE          reduce using rule 25 (Attr -> Table TWODOTS SUM LPAREN ID RPAREN GROUP Table TWODOTS ID .)
    PLUS            reduce using rule 25 (Attr -> Table TWODOTS SUM LPAREN ID RPAREN GROUP Table TWODOTS ID .)
    MINUS           reduce using rule 25 (Attr -> Table TWODOTS SUM LPAREN ID RPAREN GROUP Table TWODOTS ID .)
    RPAREN          reduce using rule 25 (Attr -> Table TWODOTS SUM LPAREN ID RPAREN GROUP Table TWODOTS ID .)


state 82

    (26) Attr -> Table TWODOTS AVG LPAREN ID RPAREN GROUP Table TWODOTS ID .

    AS              reduce using rule 26 (Attr -> Table TWODOTS AVG LPAREN ID RPAREN GROUP Table TWODOTS ID .)
    RBRACE          reduce using rule 26 (Attr -> Table TWODOTS AVG LPAREN ID RPAREN GROUP Table TWODOTS ID .)
    ID              reduce using rule 26 (Attr -> Table TWODOTS AVG LPAREN ID RPAREN GROUP Table TWODOTS ID .)
    SELF            reduce using rule 26 (Attr -> Table TWODOTS AVG LPAREN ID RPAREN GROUP Table TWODOTS ID .)
    NUMBER          reduce using rule 26 (Attr -> Table TWODOTS AVG LPAREN ID RPAREN GROUP Table TWODOTS ID .)
    LPAREN          reduce using rule 26 (Attr -> Table TWODOTS AVG LPAREN ID RPAREN GROUP Table TWODOTS ID .)
    TIMES           reduce using rule 26 (Attr -> Table TWODOTS AVG LPAREN ID RPAREN GROUP Table TWODOTS ID .)
    DIVIDE          reduce using rule 26 (Attr -> Table TWODOTS AVG LPAREN ID RPAREN GROUP Table TWODOTS ID .)
    PLUS            reduce using rule 26 (Attr -> Table TWODOTS AVG LPAREN ID RPAREN GROUP Table TWODOTS ID .)
    MINUS           reduce using rule 26 (Attr -> Table TWODOTS AVG LPAREN ID RPAREN GROUP Table TWODOTS ID .)
    RPAREN          reduce using rule 26 (Attr -> Table TWODOTS AVG LPAREN ID RPAREN GROUP Table TWODOTS ID .)


state 83

    (27) Attr -> Table TWODOTS COUNT LPAREN ID RPAREN GROUP Table TWODOTS ID .

    AS              reduce using rule 27 (Attr -> Table TWODOTS COUNT LPAREN ID RPAREN GROUP Table TWODOTS ID .)
    RBRACE          reduce using rule 27 (Attr -> Table TWODOTS COUNT LPAREN ID RPAREN GROUP Table TWODOTS ID .)
    ID              reduce using rule 27 (Attr -> Table TWODOTS COUNT LPAREN ID RPAREN GROUP Table TWODOTS ID .)
    SELF            reduce using rule 27 (Attr -> Table TWODOTS COUNT LPAREN ID RPAREN GROUP Table TWODOTS ID .)
    NUMBER          reduce using rule 27 (Attr -> Table TWODOTS COUNT LPAREN ID RPAREN GROUP Table TWODOTS ID .)
    LPAREN          reduce using rule 27 (Attr -> Table TWODOTS COUNT LPAREN ID RPAREN GROUP Table TWODOTS ID .)
    TIMES           reduce using rule 27 (Attr -> Table TWODOTS COUNT LPAREN ID RPAREN GROUP Table TWODOTS ID .)
    DIVIDE          reduce using rule 27 (Attr -> Table TWODOTS COUNT LPAREN ID RPAREN GROUP Table TWODOTS ID .)
    PLUS            reduce using rule 27 (Attr -> Table TWODOTS COUNT LPAREN ID RPAREN GROUP Table TWODOTS ID .)
    MINUS           reduce using rule 27 (Attr -> Table TWODOTS COUNT LPAREN ID RPAREN GROUP Table TWODOTS ID .)
    RPAREN          reduce using rule 27 (Attr -> Table TWODOTS COUNT LPAREN ID RPAREN GROUP Table TWODOTS ID .)

WARNING: 
WARNING: Conflicts:
WARNING: 
WARNING: shift/reduce conflict for AS in state 16 resolved as shift
WARNING: reduce/reduce conflict in state 14 resolved using rule (Attr_Def -> Simple_Attr)
WARNING: rejected rule (F -> Simple_Attr) in state 14
