Created by PLY version 3.11 (http://www.dabeaz.com/ply)

Unused terminals:

    GROUP

Grammar

Rule 0     S' -> Dimensional_Model
Rule 1     Dimensional_Model -> List_Dimensional_Tables
Rule 2     List_Dimensional_Tables -> Dimensional_Table
Rule 3     List_Attr_Def -> Attr_Def
Rule 4     List_Dimensional_Tables -> List_Dimensional_Tables Dimensional_Table
Rule 5     Dimensional_Table -> DIM ID LBRACE List_Attr_Def RBRACE
Rule 6     Dimensional_Table -> FACT ID LBRACE List_Attr_Def RBRACE
Rule 7     List_Attr_Def -> List_Attr_Def Attr_Def
Rule 8     Attr_Def -> Attr_Expression Type Alias
Rule 9     Attr_Expression -> T X
Rule 10    X -> PLUS T X
Rule 11    X -> MINUS T X
Rule 12    X -> empty_list
Rule 13    T -> F Y
Rule 14    Y -> TIMES F Y
Rule 15    Y -> DIVIDE F Y
Rule 16    Y -> empty_list
Rule 17    F -> Attr
Rule 18    F -> NUMBER
Rule 19    F -> LPAREN Attr_Expression RPAREN
Rule 20    Attr -> Table TWODOTS ID Modifier
Rule 21    Attr -> Table TWODOTS Func LPAREN ID RPAREN
Rule 22    Attr -> Table TWODOTS SUM LPAREN ID RPAREN
Rule 23    Attr -> Table TWODOTS AVG LPAREN ID RPAREN
Rule 24    Attr -> Table TWODOTS COUNT LPAREN ID RPAREN
Rule 25    Attr -> Table TWODOTS MAX LPAREN ID RPAREN
Rule 26    Attr -> Table TWODOTS MIN LPAREN ID RPAREN
Rule 27    Table -> ID
Rule 28    Table -> SELF
Rule 29    Func -> WEEKDAY
Rule 30    Func -> MONTHSTR
Rule 31    Alias -> AS ID
Rule 32    Alias -> empty
Rule 33    Type -> INT
Rule 34    Type -> STR
Rule 35    Type -> DATE
Rule 36    Type -> DATETIME
Rule 37    Type -> SERIAL
Rule 38    Type -> empty
Rule 39    Modifier -> PK
Rule 40    Modifier -> FK TO ID DOT ID
Rule 41    Modifier -> empty
Rule 42    empty -> <empty>
Rule 43    empty_list -> <empty>

Terminals, with rules where they appear

AS                   : 31
AVG                  : 23
COUNT                : 24
DATE                 : 35
DATETIME             : 36
DIM                  : 5
DIVIDE               : 15
DOT                  : 40
FACT                 : 6
FK                   : 40
GROUP                : 
ID                   : 5 6 20 21 22 23 24 25 26 27 31 40 40
INT                  : 33
LBRACE               : 5 6
LPAREN               : 19 21 22 23 24 25 26
MAX                  : 25
MIN                  : 26
MINUS                : 11
MONTHSTR             : 30
NUMBER               : 18
PK                   : 39
PLUS                 : 10
RBRACE               : 5 6
RPAREN               : 19 21 22 23 24 25 26
SELF                 : 28
SERIAL               : 37
STR                  : 34
SUM                  : 22
TIMES                : 14
TO                   : 40
TWODOTS              : 20 21 22 23 24 25 26
WEEKDAY              : 29
error                : 

Nonterminals, with rules where they appear

Alias                : 8
Attr                 : 17
Attr_Def             : 3 7
Attr_Expression      : 8 19
Dimensional_Model    : 0
Dimensional_Table    : 2 4
F                    : 13 14 15
Func                 : 21
List_Attr_Def        : 5 6 7
List_Dimensional_Tables : 1 4
Modifier             : 20
T                    : 9 10 11
Table                : 20 21 22 23 24 25 26
Type                 : 8
X                    : 9 10 11
Y                    : 13 14 15
empty                : 32 38 41
empty_list           : 12 16

Parsing method: LALR

state 0

    (0) S' -> . Dimensional_Model
    (1) Dimensional_Model -> . List_Dimensional_Tables
    (2) List_Dimensional_Tables -> . Dimensional_Table
    (4) List_Dimensional_Tables -> . List_Dimensional_Tables Dimensional_Table
    (5) Dimensional_Table -> . DIM ID LBRACE List_Attr_Def RBRACE
    (6) Dimensional_Table -> . FACT ID LBRACE List_Attr_Def RBRACE

    DIM             shift and go to state 4
    FACT            shift and go to state 5

    Dimensional_Model              shift and go to state 1
    List_Dimensional_Tables        shift and go to state 2
    Dimensional_Table              shift and go to state 3

state 1

    (0) S' -> Dimensional_Model .



state 2

    (1) Dimensional_Model -> List_Dimensional_Tables .
    (4) List_Dimensional_Tables -> List_Dimensional_Tables . Dimensional_Table
    (5) Dimensional_Table -> . DIM ID LBRACE List_Attr_Def RBRACE
    (6) Dimensional_Table -> . FACT ID LBRACE List_Attr_Def RBRACE

    $end            reduce using rule 1 (Dimensional_Model -> List_Dimensional_Tables .)
    DIM             shift and go to state 4
    FACT            shift and go to state 5

    Dimensional_Table              shift and go to state 6

state 3

    (2) List_Dimensional_Tables -> Dimensional_Table .

    DIM             reduce using rule 2 (List_Dimensional_Tables -> Dimensional_Table .)
    FACT            reduce using rule 2 (List_Dimensional_Tables -> Dimensional_Table .)
    $end            reduce using rule 2 (List_Dimensional_Tables -> Dimensional_Table .)


state 4

    (5) Dimensional_Table -> DIM . ID LBRACE List_Attr_Def RBRACE

    ID              shift and go to state 7


state 5

    (6) Dimensional_Table -> FACT . ID LBRACE List_Attr_Def RBRACE

    ID              shift and go to state 8


state 6

    (4) List_Dimensional_Tables -> List_Dimensional_Tables Dimensional_Table .

    DIM             reduce using rule 4 (List_Dimensional_Tables -> List_Dimensional_Tables Dimensional_Table .)
    FACT            reduce using rule 4 (List_Dimensional_Tables -> List_Dimensional_Tables Dimensional_Table .)
    $end            reduce using rule 4 (List_Dimensional_Tables -> List_Dimensional_Tables Dimensional_Table .)


state 7

    (5) Dimensional_Table -> DIM ID . LBRACE List_Attr_Def RBRACE

    LBRACE          shift and go to state 9


state 8

    (6) Dimensional_Table -> FACT ID . LBRACE List_Attr_Def RBRACE

    LBRACE          shift and go to state 10


state 9

    (5) Dimensional_Table -> DIM ID LBRACE . List_Attr_Def RBRACE
    (3) List_Attr_Def -> . Attr_Def
    (7) List_Attr_Def -> . List_Attr_Def Attr_Def
    (8) Attr_Def -> . Attr_Expression Type Alias
    (9) Attr_Expression -> . T X
    (13) T -> . F Y
    (17) F -> . Attr
    (18) F -> . NUMBER
    (19) F -> . LPAREN Attr_Expression RPAREN
    (20) Attr -> . Table TWODOTS ID Modifier
    (21) Attr -> . Table TWODOTS Func LPAREN ID RPAREN
    (22) Attr -> . Table TWODOTS SUM LPAREN ID RPAREN
    (23) Attr -> . Table TWODOTS AVG LPAREN ID RPAREN
    (24) Attr -> . Table TWODOTS COUNT LPAREN ID RPAREN
    (25) Attr -> . Table TWODOTS MAX LPAREN ID RPAREN
    (26) Attr -> . Table TWODOTS MIN LPAREN ID RPAREN
    (27) Table -> . ID
    (28) Table -> . SELF

    NUMBER          shift and go to state 18
    LPAREN          shift and go to state 19
    ID              shift and go to state 11
    SELF            shift and go to state 21

    List_Attr_Def                  shift and go to state 12
    Attr_Def                       shift and go to state 13
    Attr_Expression                shift and go to state 14
    T                              shift and go to state 15
    F                              shift and go to state 16
    Attr                           shift and go to state 17
    Table                          shift and go to state 20

state 10

    (6) Dimensional_Table -> FACT ID LBRACE . List_Attr_Def RBRACE
    (3) List_Attr_Def -> . Attr_Def
    (7) List_Attr_Def -> . List_Attr_Def Attr_Def
    (8) Attr_Def -> . Attr_Expression Type Alias
    (9) Attr_Expression -> . T X
    (13) T -> . F Y
    (17) F -> . Attr
    (18) F -> . NUMBER
    (19) F -> . LPAREN Attr_Expression RPAREN
    (20) Attr -> . Table TWODOTS ID Modifier
    (21) Attr -> . Table TWODOTS Func LPAREN ID RPAREN
    (22) Attr -> . Table TWODOTS SUM LPAREN ID RPAREN
    (23) Attr -> . Table TWODOTS AVG LPAREN ID RPAREN
    (24) Attr -> . Table TWODOTS COUNT LPAREN ID RPAREN
    (25) Attr -> . Table TWODOTS MAX LPAREN ID RPAREN
    (26) Attr -> . Table TWODOTS MIN LPAREN ID RPAREN
    (27) Table -> . ID
    (28) Table -> . SELF

    NUMBER          shift and go to state 18
    LPAREN          shift and go to state 19
    ID              shift and go to state 11
    SELF            shift and go to state 21

    List_Attr_Def                  shift and go to state 22
    Attr_Def                       shift and go to state 13
    Attr_Expression                shift and go to state 14
    T                              shift and go to state 15
    F                              shift and go to state 16
    Attr                           shift and go to state 17
    Table                          shift and go to state 20

state 11

    (27) Table -> ID .

    TWODOTS         reduce using rule 27 (Table -> ID .)


state 12

    (5) Dimensional_Table -> DIM ID LBRACE List_Attr_Def . RBRACE
    (7) List_Attr_Def -> List_Attr_Def . Attr_Def
    (8) Attr_Def -> . Attr_Expression Type Alias
    (9) Attr_Expression -> . T X
    (13) T -> . F Y
    (17) F -> . Attr
    (18) F -> . NUMBER
    (19) F -> . LPAREN Attr_Expression RPAREN
    (20) Attr -> . Table TWODOTS ID Modifier
    (21) Attr -> . Table TWODOTS Func LPAREN ID RPAREN
    (22) Attr -> . Table TWODOTS SUM LPAREN ID RPAREN
    (23) Attr -> . Table TWODOTS AVG LPAREN ID RPAREN
    (24) Attr -> . Table TWODOTS COUNT LPAREN ID RPAREN
    (25) Attr -> . Table TWODOTS MAX LPAREN ID RPAREN
    (26) Attr -> . Table TWODOTS MIN LPAREN ID RPAREN
    (27) Table -> . ID
    (28) Table -> . SELF

    RBRACE          shift and go to state 23
    NUMBER          shift and go to state 18
    LPAREN          shift and go to state 19
    ID              shift and go to state 11
    SELF            shift and go to state 21

    Attr_Def                       shift and go to state 24
    Attr_Expression                shift and go to state 14
    T                              shift and go to state 15
    F                              shift and go to state 16
    Attr                           shift and go to state 17
    Table                          shift and go to state 20

state 13

    (3) List_Attr_Def -> Attr_Def .

    RBRACE          reduce using rule 3 (List_Attr_Def -> Attr_Def .)
    NUMBER          reduce using rule 3 (List_Attr_Def -> Attr_Def .)
    LPAREN          reduce using rule 3 (List_Attr_Def -> Attr_Def .)
    ID              reduce using rule 3 (List_Attr_Def -> Attr_Def .)
    SELF            reduce using rule 3 (List_Attr_Def -> Attr_Def .)


state 14

    (8) Attr_Def -> Attr_Expression . Type Alias
    (33) Type -> . INT
    (34) Type -> . STR
    (35) Type -> . DATE
    (36) Type -> . DATETIME
    (37) Type -> . SERIAL
    (38) Type -> . empty
    (42) empty -> .

    INT             shift and go to state 26
    STR             shift and go to state 27
    DATE            shift and go to state 28
    DATETIME        shift and go to state 29
    SERIAL          shift and go to state 30
    AS              reduce using rule 42 (empty -> .)
    RBRACE          reduce using rule 42 (empty -> .)
    NUMBER          reduce using rule 42 (empty -> .)
    LPAREN          reduce using rule 42 (empty -> .)
    ID              reduce using rule 42 (empty -> .)
    SELF            reduce using rule 42 (empty -> .)

    Type                           shift and go to state 25
    empty                          shift and go to state 31

state 15

    (9) Attr_Expression -> T . X
    (10) X -> . PLUS T X
    (11) X -> . MINUS T X
    (12) X -> . empty_list
    (43) empty_list -> .

    PLUS            shift and go to state 33
    MINUS           shift and go to state 34
    INT             reduce using rule 43 (empty_list -> .)
    STR             reduce using rule 43 (empty_list -> .)
    DATE            reduce using rule 43 (empty_list -> .)
    DATETIME        reduce using rule 43 (empty_list -> .)
    SERIAL          reduce using rule 43 (empty_list -> .)
    AS              reduce using rule 43 (empty_list -> .)
    RBRACE          reduce using rule 43 (empty_list -> .)
    NUMBER          reduce using rule 43 (empty_list -> .)
    LPAREN          reduce using rule 43 (empty_list -> .)
    ID              reduce using rule 43 (empty_list -> .)
    SELF            reduce using rule 43 (empty_list -> .)
    RPAREN          reduce using rule 43 (empty_list -> .)

    X                              shift and go to state 32
    empty_list                     shift and go to state 35

state 16

    (13) T -> F . Y
    (14) Y -> . TIMES F Y
    (15) Y -> . DIVIDE F Y
    (16) Y -> . empty_list
    (43) empty_list -> .

    TIMES           shift and go to state 37
    DIVIDE          shift and go to state 38
    PLUS            reduce using rule 43 (empty_list -> .)
    MINUS           reduce using rule 43 (empty_list -> .)
    INT             reduce using rule 43 (empty_list -> .)
    STR             reduce using rule 43 (empty_list -> .)
    DATE            reduce using rule 43 (empty_list -> .)
    DATETIME        reduce using rule 43 (empty_list -> .)
    SERIAL          reduce using rule 43 (empty_list -> .)
    AS              reduce using rule 43 (empty_list -> .)
    RBRACE          reduce using rule 43 (empty_list -> .)
    NUMBER          reduce using rule 43 (empty_list -> .)
    LPAREN          reduce using rule 43 (empty_list -> .)
    ID              reduce using rule 43 (empty_list -> .)
    SELF            reduce using rule 43 (empty_list -> .)
    RPAREN          reduce using rule 43 (empty_list -> .)

    Y                              shift and go to state 36
    empty_list                     shift and go to state 39

state 17

    (17) F -> Attr .

    TIMES           reduce using rule 17 (F -> Attr .)
    DIVIDE          reduce using rule 17 (F -> Attr .)
    PLUS            reduce using rule 17 (F -> Attr .)
    MINUS           reduce using rule 17 (F -> Attr .)
    INT             reduce using rule 17 (F -> Attr .)
    STR             reduce using rule 17 (F -> Attr .)
    DATE            reduce using rule 17 (F -> Attr .)
    DATETIME        reduce using rule 17 (F -> Attr .)
    SERIAL          reduce using rule 17 (F -> Attr .)
    AS              reduce using rule 17 (F -> Attr .)
    RBRACE          reduce using rule 17 (F -> Attr .)
    NUMBER          reduce using rule 17 (F -> Attr .)
    LPAREN          reduce using rule 17 (F -> Attr .)
    ID              reduce using rule 17 (F -> Attr .)
    SELF            reduce using rule 17 (F -> Attr .)
    RPAREN          reduce using rule 17 (F -> Attr .)


state 18

    (18) F -> NUMBER .

    TIMES           reduce using rule 18 (F -> NUMBER .)
    DIVIDE          reduce using rule 18 (F -> NUMBER .)
    PLUS            reduce using rule 18 (F -> NUMBER .)
    MINUS           reduce using rule 18 (F -> NUMBER .)
    INT             reduce using rule 18 (F -> NUMBER .)
    STR             reduce using rule 18 (F -> NUMBER .)
    DATE            reduce using rule 18 (F -> NUMBER .)
    DATETIME        reduce using rule 18 (F -> NUMBER .)
    SERIAL          reduce using rule 18 (F -> NUMBER .)
    AS              reduce using rule 18 (F -> NUMBER .)
    RBRACE          reduce using rule 18 (F -> NUMBER .)
    NUMBER          reduce using rule 18 (F -> NUMBER .)
    LPAREN          reduce using rule 18 (F -> NUMBER .)
    ID              reduce using rule 18 (F -> NUMBER .)
    SELF            reduce using rule 18 (F -> NUMBER .)
    RPAREN          reduce using rule 18 (F -> NUMBER .)


state 19

    (19) F -> LPAREN . Attr_Expression RPAREN
    (9) Attr_Expression -> . T X
    (13) T -> . F Y
    (17) F -> . Attr
    (18) F -> . NUMBER
    (19) F -> . LPAREN Attr_Expression RPAREN
    (20) Attr -> . Table TWODOTS ID Modifier
    (21) Attr -> . Table TWODOTS Func LPAREN ID RPAREN
    (22) Attr -> . Table TWODOTS SUM LPAREN ID RPAREN
    (23) Attr -> . Table TWODOTS AVG LPAREN ID RPAREN
    (24) Attr -> . Table TWODOTS COUNT LPAREN ID RPAREN
    (25) Attr -> . Table TWODOTS MAX LPAREN ID RPAREN
    (26) Attr -> . Table TWODOTS MIN LPAREN ID RPAREN
    (27) Table -> . ID
    (28) Table -> . SELF

    NUMBER          shift and go to state 18
    LPAREN          shift and go to state 19
    ID              shift and go to state 11
    SELF            shift and go to state 21

    Attr_Expression                shift and go to state 40
    T                              shift and go to state 15
    F                              shift and go to state 16
    Attr                           shift and go to state 17
    Table                          shift and go to state 20

state 20

    (20) Attr -> Table . TWODOTS ID Modifier
    (21) Attr -> Table . TWODOTS Func LPAREN ID RPAREN
    (22) Attr -> Table . TWODOTS SUM LPAREN ID RPAREN
    (23) Attr -> Table . TWODOTS AVG LPAREN ID RPAREN
    (24) Attr -> Table . TWODOTS COUNT LPAREN ID RPAREN
    (25) Attr -> Table . TWODOTS MAX LPAREN ID RPAREN
    (26) Attr -> Table . TWODOTS MIN LPAREN ID RPAREN

    TWODOTS         shift and go to state 41


state 21

    (28) Table -> SELF .

    TWODOTS         reduce using rule 28 (Table -> SELF .)


state 22

    (6) Dimensional_Table -> FACT ID LBRACE List_Attr_Def . RBRACE
    (7) List_Attr_Def -> List_Attr_Def . Attr_Def
    (8) Attr_Def -> . Attr_Expression Type Alias
    (9) Attr_Expression -> . T X
    (13) T -> . F Y
    (17) F -> . Attr
    (18) F -> . NUMBER
    (19) F -> . LPAREN Attr_Expression RPAREN
    (20) Attr -> . Table TWODOTS ID Modifier
    (21) Attr -> . Table TWODOTS Func LPAREN ID RPAREN
    (22) Attr -> . Table TWODOTS SUM LPAREN ID RPAREN
    (23) Attr -> . Table TWODOTS AVG LPAREN ID RPAREN
    (24) Attr -> . Table TWODOTS COUNT LPAREN ID RPAREN
    (25) Attr -> . Table TWODOTS MAX LPAREN ID RPAREN
    (26) Attr -> . Table TWODOTS MIN LPAREN ID RPAREN
    (27) Table -> . ID
    (28) Table -> . SELF

    RBRACE          shift and go to state 42
    NUMBER          shift and go to state 18
    LPAREN          shift and go to state 19
    ID              shift and go to state 11
    SELF            shift and go to state 21

    Attr_Def                       shift and go to state 24
    Attr_Expression                shift and go to state 14
    T                              shift and go to state 15
    F                              shift and go to state 16
    Attr                           shift and go to state 17
    Table                          shift and go to state 20

state 23

    (5) Dimensional_Table -> DIM ID LBRACE List_Attr_Def RBRACE .

    DIM             reduce using rule 5 (Dimensional_Table -> DIM ID LBRACE List_Attr_Def RBRACE .)
    FACT            reduce using rule 5 (Dimensional_Table -> DIM ID LBRACE List_Attr_Def RBRACE .)
    $end            reduce using rule 5 (Dimensional_Table -> DIM ID LBRACE List_Attr_Def RBRACE .)


state 24

    (7) List_Attr_Def -> List_Attr_Def Attr_Def .

    RBRACE          reduce using rule 7 (List_Attr_Def -> List_Attr_Def Attr_Def .)
    NUMBER          reduce using rule 7 (List_Attr_Def -> List_Attr_Def Attr_Def .)
    LPAREN          reduce using rule 7 (List_Attr_Def -> List_Attr_Def Attr_Def .)
    ID              reduce using rule 7 (List_Attr_Def -> List_Attr_Def Attr_Def .)
    SELF            reduce using rule 7 (List_Attr_Def -> List_Attr_Def Attr_Def .)


state 25

    (8) Attr_Def -> Attr_Expression Type . Alias
    (31) Alias -> . AS ID
    (32) Alias -> . empty
    (42) empty -> .

    AS              shift and go to state 44
    RBRACE          reduce using rule 42 (empty -> .)
    NUMBER          reduce using rule 42 (empty -> .)
    LPAREN          reduce using rule 42 (empty -> .)
    ID              reduce using rule 42 (empty -> .)
    SELF            reduce using rule 42 (empty -> .)

    Alias                          shift and go to state 43
    empty                          shift and go to state 45

state 26

    (33) Type -> INT .

    AS              reduce using rule 33 (Type -> INT .)
    RBRACE          reduce using rule 33 (Type -> INT .)
    NUMBER          reduce using rule 33 (Type -> INT .)
    LPAREN          reduce using rule 33 (Type -> INT .)
    ID              reduce using rule 33 (Type -> INT .)
    SELF            reduce using rule 33 (Type -> INT .)


state 27

    (34) Type -> STR .

    AS              reduce using rule 34 (Type -> STR .)
    RBRACE          reduce using rule 34 (Type -> STR .)
    NUMBER          reduce using rule 34 (Type -> STR .)
    LPAREN          reduce using rule 34 (Type -> STR .)
    ID              reduce using rule 34 (Type -> STR .)
    SELF            reduce using rule 34 (Type -> STR .)


state 28

    (35) Type -> DATE .

    AS              reduce using rule 35 (Type -> DATE .)
    RBRACE          reduce using rule 35 (Type -> DATE .)
    NUMBER          reduce using rule 35 (Type -> DATE .)
    LPAREN          reduce using rule 35 (Type -> DATE .)
    ID              reduce using rule 35 (Type -> DATE .)
    SELF            reduce using rule 35 (Type -> DATE .)


state 29

    (36) Type -> DATETIME .

    AS              reduce using rule 36 (Type -> DATETIME .)
    RBRACE          reduce using rule 36 (Type -> DATETIME .)
    NUMBER          reduce using rule 36 (Type -> DATETIME .)
    LPAREN          reduce using rule 36 (Type -> DATETIME .)
    ID              reduce using rule 36 (Type -> DATETIME .)
    SELF            reduce using rule 36 (Type -> DATETIME .)


state 30

    (37) Type -> SERIAL .

    AS              reduce using rule 37 (Type -> SERIAL .)
    RBRACE          reduce using rule 37 (Type -> SERIAL .)
    NUMBER          reduce using rule 37 (Type -> SERIAL .)
    LPAREN          reduce using rule 37 (Type -> SERIAL .)
    ID              reduce using rule 37 (Type -> SERIAL .)
    SELF            reduce using rule 37 (Type -> SERIAL .)


state 31

    (38) Type -> empty .

    AS              reduce using rule 38 (Type -> empty .)
    RBRACE          reduce using rule 38 (Type -> empty .)
    NUMBER          reduce using rule 38 (Type -> empty .)
    LPAREN          reduce using rule 38 (Type -> empty .)
    ID              reduce using rule 38 (Type -> empty .)
    SELF            reduce using rule 38 (Type -> empty .)


state 32

    (9) Attr_Expression -> T X .

    INT             reduce using rule 9 (Attr_Expression -> T X .)
    STR             reduce using rule 9 (Attr_Expression -> T X .)
    DATE            reduce using rule 9 (Attr_Expression -> T X .)
    DATETIME        reduce using rule 9 (Attr_Expression -> T X .)
    SERIAL          reduce using rule 9 (Attr_Expression -> T X .)
    AS              reduce using rule 9 (Attr_Expression -> T X .)
    RBRACE          reduce using rule 9 (Attr_Expression -> T X .)
    NUMBER          reduce using rule 9 (Attr_Expression -> T X .)
    LPAREN          reduce using rule 9 (Attr_Expression -> T X .)
    ID              reduce using rule 9 (Attr_Expression -> T X .)
    SELF            reduce using rule 9 (Attr_Expression -> T X .)
    RPAREN          reduce using rule 9 (Attr_Expression -> T X .)


state 33

    (10) X -> PLUS . T X
    (13) T -> . F Y
    (17) F -> . Attr
    (18) F -> . NUMBER
    (19) F -> . LPAREN Attr_Expression RPAREN
    (20) Attr -> . Table TWODOTS ID Modifier
    (21) Attr -> . Table TWODOTS Func LPAREN ID RPAREN
    (22) Attr -> . Table TWODOTS SUM LPAREN ID RPAREN
    (23) Attr -> . Table TWODOTS AVG LPAREN ID RPAREN
    (24) Attr -> . Table TWODOTS COUNT LPAREN ID RPAREN
    (25) Attr -> . Table TWODOTS MAX LPAREN ID RPAREN
    (26) Attr -> . Table TWODOTS MIN LPAREN ID RPAREN
    (27) Table -> . ID
    (28) Table -> . SELF

    NUMBER          shift and go to state 18
    LPAREN          shift and go to state 19
    ID              shift and go to state 11
    SELF            shift and go to state 21

    T                              shift and go to state 46
    F                              shift and go to state 16
    Attr                           shift and go to state 17
    Table                          shift and go to state 20

state 34

    (11) X -> MINUS . T X
    (13) T -> . F Y
    (17) F -> . Attr
    (18) F -> . NUMBER
    (19) F -> . LPAREN Attr_Expression RPAREN
    (20) Attr -> . Table TWODOTS ID Modifier
    (21) Attr -> . Table TWODOTS Func LPAREN ID RPAREN
    (22) Attr -> . Table TWODOTS SUM LPAREN ID RPAREN
    (23) Attr -> . Table TWODOTS AVG LPAREN ID RPAREN
    (24) Attr -> . Table TWODOTS COUNT LPAREN ID RPAREN
    (25) Attr -> . Table TWODOTS MAX LPAREN ID RPAREN
    (26) Attr -> . Table TWODOTS MIN LPAREN ID RPAREN
    (27) Table -> . ID
    (28) Table -> . SELF

    NUMBER          shift and go to state 18
    LPAREN          shift and go to state 19
    ID              shift and go to state 11
    SELF            shift and go to state 21

    T                              shift and go to state 47
    F                              shift and go to state 16
    Attr                           shift and go to state 17
    Table                          shift and go to state 20

state 35

    (12) X -> empty_list .

    INT             reduce using rule 12 (X -> empty_list .)
    STR             reduce using rule 12 (X -> empty_list .)
    DATE            reduce using rule 12 (X -> empty_list .)
    DATETIME        reduce using rule 12 (X -> empty_list .)
    SERIAL          reduce using rule 12 (X -> empty_list .)
    AS              reduce using rule 12 (X -> empty_list .)
    RBRACE          reduce using rule 12 (X -> empty_list .)
    NUMBER          reduce using rule 12 (X -> empty_list .)
    LPAREN          reduce using rule 12 (X -> empty_list .)
    ID              reduce using rule 12 (X -> empty_list .)
    SELF            reduce using rule 12 (X -> empty_list .)
    RPAREN          reduce using rule 12 (X -> empty_list .)


state 36

    (13) T -> F Y .

    PLUS            reduce using rule 13 (T -> F Y .)
    MINUS           reduce using rule 13 (T -> F Y .)
    INT             reduce using rule 13 (T -> F Y .)
    STR             reduce using rule 13 (T -> F Y .)
    DATE            reduce using rule 13 (T -> F Y .)
    DATETIME        reduce using rule 13 (T -> F Y .)
    SERIAL          reduce using rule 13 (T -> F Y .)
    AS              reduce using rule 13 (T -> F Y .)
    RBRACE          reduce using rule 13 (T -> F Y .)
    NUMBER          reduce using rule 13 (T -> F Y .)
    LPAREN          reduce using rule 13 (T -> F Y .)
    ID              reduce using rule 13 (T -> F Y .)
    SELF            reduce using rule 13 (T -> F Y .)
    RPAREN          reduce using rule 13 (T -> F Y .)


state 37

    (14) Y -> TIMES . F Y
    (17) F -> . Attr
    (18) F -> . NUMBER
    (19) F -> . LPAREN Attr_Expression RPAREN
    (20) Attr -> . Table TWODOTS ID Modifier
    (21) Attr -> . Table TWODOTS Func LPAREN ID RPAREN
    (22) Attr -> . Table TWODOTS SUM LPAREN ID RPAREN
    (23) Attr -> . Table TWODOTS AVG LPAREN ID RPAREN
    (24) Attr -> . Table TWODOTS COUNT LPAREN ID RPAREN
    (25) Attr -> . Table TWODOTS MAX LPAREN ID RPAREN
    (26) Attr -> . Table TWODOTS MIN LPAREN ID RPAREN
    (27) Table -> . ID
    (28) Table -> . SELF

    NUMBER          shift and go to state 18
    LPAREN          shift and go to state 19
    ID              shift and go to state 11
    SELF            shift and go to state 21

    F                              shift and go to state 48
    Attr                           shift and go to state 17
    Table                          shift and go to state 20

state 38

    (15) Y -> DIVIDE . F Y
    (17) F -> . Attr
    (18) F -> . NUMBER
    (19) F -> . LPAREN Attr_Expression RPAREN
    (20) Attr -> . Table TWODOTS ID Modifier
    (21) Attr -> . Table TWODOTS Func LPAREN ID RPAREN
    (22) Attr -> . Table TWODOTS SUM LPAREN ID RPAREN
    (23) Attr -> . Table TWODOTS AVG LPAREN ID RPAREN
    (24) Attr -> . Table TWODOTS COUNT LPAREN ID RPAREN
    (25) Attr -> . Table TWODOTS MAX LPAREN ID RPAREN
    (26) Attr -> . Table TWODOTS MIN LPAREN ID RPAREN
    (27) Table -> . ID
    (28) Table -> . SELF

    NUMBER          shift and go to state 18
    LPAREN          shift and go to state 19
    ID              shift and go to state 11
    SELF            shift and go to state 21

    F                              shift and go to state 49
    Attr                           shift and go to state 17
    Table                          shift and go to state 20

state 39

    (16) Y -> empty_list .

    PLUS            reduce using rule 16 (Y -> empty_list .)
    MINUS           reduce using rule 16 (Y -> empty_list .)
    INT             reduce using rule 16 (Y -> empty_list .)
    STR             reduce using rule 16 (Y -> empty_list .)
    DATE            reduce using rule 16 (Y -> empty_list .)
    DATETIME        reduce using rule 16 (Y -> empty_list .)
    SERIAL          reduce using rule 16 (Y -> empty_list .)
    AS              reduce using rule 16 (Y -> empty_list .)
    RBRACE          reduce using rule 16 (Y -> empty_list .)
    NUMBER          reduce using rule 16 (Y -> empty_list .)
    LPAREN          reduce using rule 16 (Y -> empty_list .)
    ID              reduce using rule 16 (Y -> empty_list .)
    SELF            reduce using rule 16 (Y -> empty_list .)
    RPAREN          reduce using rule 16 (Y -> empty_list .)


state 40

    (19) F -> LPAREN Attr_Expression . RPAREN

    RPAREN          shift and go to state 50


state 41

    (20) Attr -> Table TWODOTS . ID Modifier
    (21) Attr -> Table TWODOTS . Func LPAREN ID RPAREN
    (22) Attr -> Table TWODOTS . SUM LPAREN ID RPAREN
    (23) Attr -> Table TWODOTS . AVG LPAREN ID RPAREN
    (24) Attr -> Table TWODOTS . COUNT LPAREN ID RPAREN
    (25) Attr -> Table TWODOTS . MAX LPAREN ID RPAREN
    (26) Attr -> Table TWODOTS . MIN LPAREN ID RPAREN
    (29) Func -> . WEEKDAY
    (30) Func -> . MONTHSTR

    ID              shift and go to state 51
    SUM             shift and go to state 53
    AVG             shift and go to state 54
    COUNT           shift and go to state 55
    MAX             shift and go to state 56
    MIN             shift and go to state 57
    WEEKDAY         shift and go to state 58
    MONTHSTR        shift and go to state 59

    Func                           shift and go to state 52

state 42

    (6) Dimensional_Table -> FACT ID LBRACE List_Attr_Def RBRACE .

    DIM             reduce using rule 6 (Dimensional_Table -> FACT ID LBRACE List_Attr_Def RBRACE .)
    FACT            reduce using rule 6 (Dimensional_Table -> FACT ID LBRACE List_Attr_Def RBRACE .)
    $end            reduce using rule 6 (Dimensional_Table -> FACT ID LBRACE List_Attr_Def RBRACE .)


state 43

    (8) Attr_Def -> Attr_Expression Type Alias .

    RBRACE          reduce using rule 8 (Attr_Def -> Attr_Expression Type Alias .)
    NUMBER          reduce using rule 8 (Attr_Def -> Attr_Expression Type Alias .)
    LPAREN          reduce using rule 8 (Attr_Def -> Attr_Expression Type Alias .)
    ID              reduce using rule 8 (Attr_Def -> Attr_Expression Type Alias .)
    SELF            reduce using rule 8 (Attr_Def -> Attr_Expression Type Alias .)


state 44

    (31) Alias -> AS . ID

    ID              shift and go to state 60


state 45

    (32) Alias -> empty .

    RBRACE          reduce using rule 32 (Alias -> empty .)
    NUMBER          reduce using rule 32 (Alias -> empty .)
    LPAREN          reduce using rule 32 (Alias -> empty .)
    ID              reduce using rule 32 (Alias -> empty .)
    SELF            reduce using rule 32 (Alias -> empty .)


state 46

    (10) X -> PLUS T . X
    (10) X -> . PLUS T X
    (11) X -> . MINUS T X
    (12) X -> . empty_list
    (43) empty_list -> .

    PLUS            shift and go to state 33
    MINUS           shift and go to state 34
    INT             reduce using rule 43 (empty_list -> .)
    STR             reduce using rule 43 (empty_list -> .)
    DATE            reduce using rule 43 (empty_list -> .)
    DATETIME        reduce using rule 43 (empty_list -> .)
    SERIAL          reduce using rule 43 (empty_list -> .)
    AS              reduce using rule 43 (empty_list -> .)
    RBRACE          reduce using rule 43 (empty_list -> .)
    NUMBER          reduce using rule 43 (empty_list -> .)
    LPAREN          reduce using rule 43 (empty_list -> .)
    ID              reduce using rule 43 (empty_list -> .)
    SELF            reduce using rule 43 (empty_list -> .)
    RPAREN          reduce using rule 43 (empty_list -> .)

    X                              shift and go to state 61
    empty_list                     shift and go to state 35

state 47

    (11) X -> MINUS T . X
    (10) X -> . PLUS T X
    (11) X -> . MINUS T X
    (12) X -> . empty_list
    (43) empty_list -> .

    PLUS            shift and go to state 33
    MINUS           shift and go to state 34
    INT             reduce using rule 43 (empty_list -> .)
    STR             reduce using rule 43 (empty_list -> .)
    DATE            reduce using rule 43 (empty_list -> .)
    DATETIME        reduce using rule 43 (empty_list -> .)
    SERIAL          reduce using rule 43 (empty_list -> .)
    AS              reduce using rule 43 (empty_list -> .)
    RBRACE          reduce using rule 43 (empty_list -> .)
    NUMBER          reduce using rule 43 (empty_list -> .)
    LPAREN          reduce using rule 43 (empty_list -> .)
    ID              reduce using rule 43 (empty_list -> .)
    SELF            reduce using rule 43 (empty_list -> .)
    RPAREN          reduce using rule 43 (empty_list -> .)

    X                              shift and go to state 62
    empty_list                     shift and go to state 35

state 48

    (14) Y -> TIMES F . Y
    (14) Y -> . TIMES F Y
    (15) Y -> . DIVIDE F Y
    (16) Y -> . empty_list
    (43) empty_list -> .

    TIMES           shift and go to state 37
    DIVIDE          shift and go to state 38
    PLUS            reduce using rule 43 (empty_list -> .)
    MINUS           reduce using rule 43 (empty_list -> .)
    INT             reduce using rule 43 (empty_list -> .)
    STR             reduce using rule 43 (empty_list -> .)
    DATE            reduce using rule 43 (empty_list -> .)
    DATETIME        reduce using rule 43 (empty_list -> .)
    SERIAL          reduce using rule 43 (empty_list -> .)
    AS              reduce using rule 43 (empty_list -> .)
    RBRACE          reduce using rule 43 (empty_list -> .)
    NUMBER          reduce using rule 43 (empty_list -> .)
    LPAREN          reduce using rule 43 (empty_list -> .)
    ID              reduce using rule 43 (empty_list -> .)
    SELF            reduce using rule 43 (empty_list -> .)
    RPAREN          reduce using rule 43 (empty_list -> .)

    Y                              shift and go to state 63
    empty_list                     shift and go to state 39

state 49

    (15) Y -> DIVIDE F . Y
    (14) Y -> . TIMES F Y
    (15) Y -> . DIVIDE F Y
    (16) Y -> . empty_list
    (43) empty_list -> .

    TIMES           shift and go to state 37
    DIVIDE          shift and go to state 38
    PLUS            reduce using rule 43 (empty_list -> .)
    MINUS           reduce using rule 43 (empty_list -> .)
    INT             reduce using rule 43 (empty_list -> .)
    STR             reduce using rule 43 (empty_list -> .)
    DATE            reduce using rule 43 (empty_list -> .)
    DATETIME        reduce using rule 43 (empty_list -> .)
    SERIAL          reduce using rule 43 (empty_list -> .)
    AS              reduce using rule 43 (empty_list -> .)
    RBRACE          reduce using rule 43 (empty_list -> .)
    NUMBER          reduce using rule 43 (empty_list -> .)
    LPAREN          reduce using rule 43 (empty_list -> .)
    ID              reduce using rule 43 (empty_list -> .)
    SELF            reduce using rule 43 (empty_list -> .)
    RPAREN          reduce using rule 43 (empty_list -> .)

    Y                              shift and go to state 64
    empty_list                     shift and go to state 39

state 50

    (19) F -> LPAREN Attr_Expression RPAREN .

    TIMES           reduce using rule 19 (F -> LPAREN Attr_Expression RPAREN .)
    DIVIDE          reduce using rule 19 (F -> LPAREN Attr_Expression RPAREN .)
    PLUS            reduce using rule 19 (F -> LPAREN Attr_Expression RPAREN .)
    MINUS           reduce using rule 19 (F -> LPAREN Attr_Expression RPAREN .)
    INT             reduce using rule 19 (F -> LPAREN Attr_Expression RPAREN .)
    STR             reduce using rule 19 (F -> LPAREN Attr_Expression RPAREN .)
    DATE            reduce using rule 19 (F -> LPAREN Attr_Expression RPAREN .)
    DATETIME        reduce using rule 19 (F -> LPAREN Attr_Expression RPAREN .)
    SERIAL          reduce using rule 19 (F -> LPAREN Attr_Expression RPAREN .)
    AS              reduce using rule 19 (F -> LPAREN Attr_Expression RPAREN .)
    RBRACE          reduce using rule 19 (F -> LPAREN Attr_Expression RPAREN .)
    NUMBER          reduce using rule 19 (F -> LPAREN Attr_Expression RPAREN .)
    LPAREN          reduce using rule 19 (F -> LPAREN Attr_Expression RPAREN .)
    ID              reduce using rule 19 (F -> LPAREN Attr_Expression RPAREN .)
    SELF            reduce using rule 19 (F -> LPAREN Attr_Expression RPAREN .)
    RPAREN          reduce using rule 19 (F -> LPAREN Attr_Expression RPAREN .)


state 51

    (20) Attr -> Table TWODOTS ID . Modifier
    (39) Modifier -> . PK
    (40) Modifier -> . FK TO ID DOT ID
    (41) Modifier -> . empty
    (42) empty -> .

    PK              shift and go to state 66
    FK              shift and go to state 67
    TIMES           reduce using rule 42 (empty -> .)
    DIVIDE          reduce using rule 42 (empty -> .)
    PLUS            reduce using rule 42 (empty -> .)
    MINUS           reduce using rule 42 (empty -> .)
    INT             reduce using rule 42 (empty -> .)
    STR             reduce using rule 42 (empty -> .)
    DATE            reduce using rule 42 (empty -> .)
    DATETIME        reduce using rule 42 (empty -> .)
    SERIAL          reduce using rule 42 (empty -> .)
    AS              reduce using rule 42 (empty -> .)
    RBRACE          reduce using rule 42 (empty -> .)
    NUMBER          reduce using rule 42 (empty -> .)
    LPAREN          reduce using rule 42 (empty -> .)
    ID              reduce using rule 42 (empty -> .)
    SELF            reduce using rule 42 (empty -> .)
    RPAREN          reduce using rule 42 (empty -> .)

    Modifier                       shift and go to state 65
    empty                          shift and go to state 68

state 52

    (21) Attr -> Table TWODOTS Func . LPAREN ID RPAREN

    LPAREN          shift and go to state 69


state 53

    (22) Attr -> Table TWODOTS SUM . LPAREN ID RPAREN

    LPAREN          shift and go to state 70


state 54

    (23) Attr -> Table TWODOTS AVG . LPAREN ID RPAREN

    LPAREN          shift and go to state 71


state 55

    (24) Attr -> Table TWODOTS COUNT . LPAREN ID RPAREN

    LPAREN          shift and go to state 72


state 56

    (25) Attr -> Table TWODOTS MAX . LPAREN ID RPAREN

    LPAREN          shift and go to state 73


state 57

    (26) Attr -> Table TWODOTS MIN . LPAREN ID RPAREN

    LPAREN          shift and go to state 74


state 58

    (29) Func -> WEEKDAY .

    LPAREN          reduce using rule 29 (Func -> WEEKDAY .)


state 59

    (30) Func -> MONTHSTR .

    LPAREN          reduce using rule 30 (Func -> MONTHSTR .)


state 60

    (31) Alias -> AS ID .

    RBRACE          reduce using rule 31 (Alias -> AS ID .)
    NUMBER          reduce using rule 31 (Alias -> AS ID .)
    LPAREN          reduce using rule 31 (Alias -> AS ID .)
    ID              reduce using rule 31 (Alias -> AS ID .)
    SELF            reduce using rule 31 (Alias -> AS ID .)


state 61

    (10) X -> PLUS T X .

    INT             reduce using rule 10 (X -> PLUS T X .)
    STR             reduce using rule 10 (X -> PLUS T X .)
    DATE            reduce using rule 10 (X -> PLUS T X .)
    DATETIME        reduce using rule 10 (X -> PLUS T X .)
    SERIAL          reduce using rule 10 (X -> PLUS T X .)
    AS              reduce using rule 10 (X -> PLUS T X .)
    RBRACE          reduce using rule 10 (X -> PLUS T X .)
    NUMBER          reduce using rule 10 (X -> PLUS T X .)
    LPAREN          reduce using rule 10 (X -> PLUS T X .)
    ID              reduce using rule 10 (X -> PLUS T X .)
    SELF            reduce using rule 10 (X -> PLUS T X .)
    RPAREN          reduce using rule 10 (X -> PLUS T X .)


state 62

    (11) X -> MINUS T X .

    INT             reduce using rule 11 (X -> MINUS T X .)
    STR             reduce using rule 11 (X -> MINUS T X .)
    DATE            reduce using rule 11 (X -> MINUS T X .)
    DATETIME        reduce using rule 11 (X -> MINUS T X .)
    SERIAL          reduce using rule 11 (X -> MINUS T X .)
    AS              reduce using rule 11 (X -> MINUS T X .)
    RBRACE          reduce using rule 11 (X -> MINUS T X .)
    NUMBER          reduce using rule 11 (X -> MINUS T X .)
    LPAREN          reduce using rule 11 (X -> MINUS T X .)
    ID              reduce using rule 11 (X -> MINUS T X .)
    SELF            reduce using rule 11 (X -> MINUS T X .)
    RPAREN          reduce using rule 11 (X -> MINUS T X .)


state 63

    (14) Y -> TIMES F Y .

    PLUS            reduce using rule 14 (Y -> TIMES F Y .)
    MINUS           reduce using rule 14 (Y -> TIMES F Y .)
    INT             reduce using rule 14 (Y -> TIMES F Y .)
    STR             reduce using rule 14 (Y -> TIMES F Y .)
    DATE            reduce using rule 14 (Y -> TIMES F Y .)
    DATETIME        reduce using rule 14 (Y -> TIMES F Y .)
    SERIAL          reduce using rule 14 (Y -> TIMES F Y .)
    AS              reduce using rule 14 (Y -> TIMES F Y .)
    RBRACE          reduce using rule 14 (Y -> TIMES F Y .)
    NUMBER          reduce using rule 14 (Y -> TIMES F Y .)
    LPAREN          reduce using rule 14 (Y -> TIMES F Y .)
    ID              reduce using rule 14 (Y -> TIMES F Y .)
    SELF            reduce using rule 14 (Y -> TIMES F Y .)
    RPAREN          reduce using rule 14 (Y -> TIMES F Y .)


state 64

    (15) Y -> DIVIDE F Y .

    PLUS            reduce using rule 15 (Y -> DIVIDE F Y .)
    MINUS           reduce using rule 15 (Y -> DIVIDE F Y .)
    INT             reduce using rule 15 (Y -> DIVIDE F Y .)
    STR             reduce using rule 15 (Y -> DIVIDE F Y .)
    DATE            reduce using rule 15 (Y -> DIVIDE F Y .)
    DATETIME        reduce using rule 15 (Y -> DIVIDE F Y .)
    SERIAL          reduce using rule 15 (Y -> DIVIDE F Y .)
    AS              reduce using rule 15 (Y -> DIVIDE F Y .)
    RBRACE          reduce using rule 15 (Y -> DIVIDE F Y .)
    NUMBER          reduce using rule 15 (Y -> DIVIDE F Y .)
    LPAREN          reduce using rule 15 (Y -> DIVIDE F Y .)
    ID              reduce using rule 15 (Y -> DIVIDE F Y .)
    SELF            reduce using rule 15 (Y -> DIVIDE F Y .)
    RPAREN          reduce using rule 15 (Y -> DIVIDE F Y .)


state 65

    (20) Attr -> Table TWODOTS ID Modifier .

    TIMES           reduce using rule 20 (Attr -> Table TWODOTS ID Modifier .)
    DIVIDE          reduce using rule 20 (Attr -> Table TWODOTS ID Modifier .)
    PLUS            reduce using rule 20 (Attr -> Table TWODOTS ID Modifier .)
    MINUS           reduce using rule 20 (Attr -> Table TWODOTS ID Modifier .)
    INT             reduce using rule 20 (Attr -> Table TWODOTS ID Modifier .)
    STR             reduce using rule 20 (Attr -> Table TWODOTS ID Modifier .)
    DATE            reduce using rule 20 (Attr -> Table TWODOTS ID Modifier .)
    DATETIME        reduce using rule 20 (Attr -> Table TWODOTS ID Modifier .)
    SERIAL          reduce using rule 20 (Attr -> Table TWODOTS ID Modifier .)
    AS              reduce using rule 20 (Attr -> Table TWODOTS ID Modifier .)
    RBRACE          reduce using rule 20 (Attr -> Table TWODOTS ID Modifier .)
    NUMBER          reduce using rule 20 (Attr -> Table TWODOTS ID Modifier .)
    LPAREN          reduce using rule 20 (Attr -> Table TWODOTS ID Modifier .)
    ID              reduce using rule 20 (Attr -> Table TWODOTS ID Modifier .)
    SELF            reduce using rule 20 (Attr -> Table TWODOTS ID Modifier .)
    RPAREN          reduce using rule 20 (Attr -> Table TWODOTS ID Modifier .)


state 66

    (39) Modifier -> PK .

    TIMES           reduce using rule 39 (Modifier -> PK .)
    DIVIDE          reduce using rule 39 (Modifier -> PK .)
    PLUS            reduce using rule 39 (Modifier -> PK .)
    MINUS           reduce using rule 39 (Modifier -> PK .)
    INT             reduce using rule 39 (Modifier -> PK .)
    STR             reduce using rule 39 (Modifier -> PK .)
    DATE            reduce using rule 39 (Modifier -> PK .)
    DATETIME        reduce using rule 39 (Modifier -> PK .)
    SERIAL          reduce using rule 39 (Modifier -> PK .)
    AS              reduce using rule 39 (Modifier -> PK .)
    RBRACE          reduce using rule 39 (Modifier -> PK .)
    NUMBER          reduce using rule 39 (Modifier -> PK .)
    LPAREN          reduce using rule 39 (Modifier -> PK .)
    ID              reduce using rule 39 (Modifier -> PK .)
    SELF            reduce using rule 39 (Modifier -> PK .)
    RPAREN          reduce using rule 39 (Modifier -> PK .)


state 67

    (40) Modifier -> FK . TO ID DOT ID

    TO              shift and go to state 75


state 68

    (41) Modifier -> empty .

    TIMES           reduce using rule 41 (Modifier -> empty .)
    DIVIDE          reduce using rule 41 (Modifier -> empty .)
    PLUS            reduce using rule 41 (Modifier -> empty .)
    MINUS           reduce using rule 41 (Modifier -> empty .)
    INT             reduce using rule 41 (Modifier -> empty .)
    STR             reduce using rule 41 (Modifier -> empty .)
    DATE            reduce using rule 41 (Modifier -> empty .)
    DATETIME        reduce using rule 41 (Modifier -> empty .)
    SERIAL          reduce using rule 41 (Modifier -> empty .)
    AS              reduce using rule 41 (Modifier -> empty .)
    RBRACE          reduce using rule 41 (Modifier -> empty .)
    NUMBER          reduce using rule 41 (Modifier -> empty .)
    LPAREN          reduce using rule 41 (Modifier -> empty .)
    ID              reduce using rule 41 (Modifier -> empty .)
    SELF            reduce using rule 41 (Modifier -> empty .)
    RPAREN          reduce using rule 41 (Modifier -> empty .)


state 69

    (21) Attr -> Table TWODOTS Func LPAREN . ID RPAREN

    ID              shift and go to state 76


state 70

    (22) Attr -> Table TWODOTS SUM LPAREN . ID RPAREN

    ID              shift and go to state 77


state 71

    (23) Attr -> Table TWODOTS AVG LPAREN . ID RPAREN

    ID              shift and go to state 78


state 72

    (24) Attr -> Table TWODOTS COUNT LPAREN . ID RPAREN

    ID              shift and go to state 79


state 73

    (25) Attr -> Table TWODOTS MAX LPAREN . ID RPAREN

    ID              shift and go to state 80


state 74

    (26) Attr -> Table TWODOTS MIN LPAREN . ID RPAREN

    ID              shift and go to state 81


state 75

    (40) Modifier -> FK TO . ID DOT ID

    ID              shift and go to state 82


state 76

    (21) Attr -> Table TWODOTS Func LPAREN ID . RPAREN

    RPAREN          shift and go to state 83


state 77

    (22) Attr -> Table TWODOTS SUM LPAREN ID . RPAREN

    RPAREN          shift and go to state 84


state 78

    (23) Attr -> Table TWODOTS AVG LPAREN ID . RPAREN

    RPAREN          shift and go to state 85


state 79

    (24) Attr -> Table TWODOTS COUNT LPAREN ID . RPAREN

    RPAREN          shift and go to state 86


state 80

    (25) Attr -> Table TWODOTS MAX LPAREN ID . RPAREN

    RPAREN          shift and go to state 87


state 81

    (26) Attr -> Table TWODOTS MIN LPAREN ID . RPAREN

    RPAREN          shift and go to state 88


state 82

    (40) Modifier -> FK TO ID . DOT ID

    DOT             shift and go to state 89


state 83

    (21) Attr -> Table TWODOTS Func LPAREN ID RPAREN .

    TIMES           reduce using rule 21 (Attr -> Table TWODOTS Func LPAREN ID RPAREN .)
    DIVIDE          reduce using rule 21 (Attr -> Table TWODOTS Func LPAREN ID RPAREN .)
    PLUS            reduce using rule 21 (Attr -> Table TWODOTS Func LPAREN ID RPAREN .)
    MINUS           reduce using rule 21 (Attr -> Table TWODOTS Func LPAREN ID RPAREN .)
    INT             reduce using rule 21 (Attr -> Table TWODOTS Func LPAREN ID RPAREN .)
    STR             reduce using rule 21 (Attr -> Table TWODOTS Func LPAREN ID RPAREN .)
    DATE            reduce using rule 21 (Attr -> Table TWODOTS Func LPAREN ID RPAREN .)
    DATETIME        reduce using rule 21 (Attr -> Table TWODOTS Func LPAREN ID RPAREN .)
    SERIAL          reduce using rule 21 (Attr -> Table TWODOTS Func LPAREN ID RPAREN .)
    AS              reduce using rule 21 (Attr -> Table TWODOTS Func LPAREN ID RPAREN .)
    RBRACE          reduce using rule 21 (Attr -> Table TWODOTS Func LPAREN ID RPAREN .)
    NUMBER          reduce using rule 21 (Attr -> Table TWODOTS Func LPAREN ID RPAREN .)
    LPAREN          reduce using rule 21 (Attr -> Table TWODOTS Func LPAREN ID RPAREN .)
    ID              reduce using rule 21 (Attr -> Table TWODOTS Func LPAREN ID RPAREN .)
    SELF            reduce using rule 21 (Attr -> Table TWODOTS Func LPAREN ID RPAREN .)
    RPAREN          reduce using rule 21 (Attr -> Table TWODOTS Func LPAREN ID RPAREN .)


state 84

    (22) Attr -> Table TWODOTS SUM LPAREN ID RPAREN .

    TIMES           reduce using rule 22 (Attr -> Table TWODOTS SUM LPAREN ID RPAREN .)
    DIVIDE          reduce using rule 22 (Attr -> Table TWODOTS SUM LPAREN ID RPAREN .)
    PLUS            reduce using rule 22 (Attr -> Table TWODOTS SUM LPAREN ID RPAREN .)
    MINUS           reduce using rule 22 (Attr -> Table TWODOTS SUM LPAREN ID RPAREN .)
    INT             reduce using rule 22 (Attr -> Table TWODOTS SUM LPAREN ID RPAREN .)
    STR             reduce using rule 22 (Attr -> Table TWODOTS SUM LPAREN ID RPAREN .)
    DATE            reduce using rule 22 (Attr -> Table TWODOTS SUM LPAREN ID RPAREN .)
    DATETIME        reduce using rule 22 (Attr -> Table TWODOTS SUM LPAREN ID RPAREN .)
    SERIAL          reduce using rule 22 (Attr -> Table TWODOTS SUM LPAREN ID RPAREN .)
    AS              reduce using rule 22 (Attr -> Table TWODOTS SUM LPAREN ID RPAREN .)
    RBRACE          reduce using rule 22 (Attr -> Table TWODOTS SUM LPAREN ID RPAREN .)
    NUMBER          reduce using rule 22 (Attr -> Table TWODOTS SUM LPAREN ID RPAREN .)
    LPAREN          reduce using rule 22 (Attr -> Table TWODOTS SUM LPAREN ID RPAREN .)
    ID              reduce using rule 22 (Attr -> Table TWODOTS SUM LPAREN ID RPAREN .)
    SELF            reduce using rule 22 (Attr -> Table TWODOTS SUM LPAREN ID RPAREN .)
    RPAREN          reduce using rule 22 (Attr -> Table TWODOTS SUM LPAREN ID RPAREN .)


state 85

    (23) Attr -> Table TWODOTS AVG LPAREN ID RPAREN .

    TIMES           reduce using rule 23 (Attr -> Table TWODOTS AVG LPAREN ID RPAREN .)
    DIVIDE          reduce using rule 23 (Attr -> Table TWODOTS AVG LPAREN ID RPAREN .)
    PLUS            reduce using rule 23 (Attr -> Table TWODOTS AVG LPAREN ID RPAREN .)
    MINUS           reduce using rule 23 (Attr -> Table TWODOTS AVG LPAREN ID RPAREN .)
    INT             reduce using rule 23 (Attr -> Table TWODOTS AVG LPAREN ID RPAREN .)
    STR             reduce using rule 23 (Attr -> Table TWODOTS AVG LPAREN ID RPAREN .)
    DATE            reduce using rule 23 (Attr -> Table TWODOTS AVG LPAREN ID RPAREN .)
    DATETIME        reduce using rule 23 (Attr -> Table TWODOTS AVG LPAREN ID RPAREN .)
    SERIAL          reduce using rule 23 (Attr -> Table TWODOTS AVG LPAREN ID RPAREN .)
    AS              reduce using rule 23 (Attr -> Table TWODOTS AVG LPAREN ID RPAREN .)
    RBRACE          reduce using rule 23 (Attr -> Table TWODOTS AVG LPAREN ID RPAREN .)
    NUMBER          reduce using rule 23 (Attr -> Table TWODOTS AVG LPAREN ID RPAREN .)
    LPAREN          reduce using rule 23 (Attr -> Table TWODOTS AVG LPAREN ID RPAREN .)
    ID              reduce using rule 23 (Attr -> Table TWODOTS AVG LPAREN ID RPAREN .)
    SELF            reduce using rule 23 (Attr -> Table TWODOTS AVG LPAREN ID RPAREN .)
    RPAREN          reduce using rule 23 (Attr -> Table TWODOTS AVG LPAREN ID RPAREN .)


state 86

    (24) Attr -> Table TWODOTS COUNT LPAREN ID RPAREN .

    TIMES           reduce using rule 24 (Attr -> Table TWODOTS COUNT LPAREN ID RPAREN .)
    DIVIDE          reduce using rule 24 (Attr -> Table TWODOTS COUNT LPAREN ID RPAREN .)
    PLUS            reduce using rule 24 (Attr -> Table TWODOTS COUNT LPAREN ID RPAREN .)
    MINUS           reduce using rule 24 (Attr -> Table TWODOTS COUNT LPAREN ID RPAREN .)
    INT             reduce using rule 24 (Attr -> Table TWODOTS COUNT LPAREN ID RPAREN .)
    STR             reduce using rule 24 (Attr -> Table TWODOTS COUNT LPAREN ID RPAREN .)
    DATE            reduce using rule 24 (Attr -> Table TWODOTS COUNT LPAREN ID RPAREN .)
    DATETIME        reduce using rule 24 (Attr -> Table TWODOTS COUNT LPAREN ID RPAREN .)
    SERIAL          reduce using rule 24 (Attr -> Table TWODOTS COUNT LPAREN ID RPAREN .)
    AS              reduce using rule 24 (Attr -> Table TWODOTS COUNT LPAREN ID RPAREN .)
    RBRACE          reduce using rule 24 (Attr -> Table TWODOTS COUNT LPAREN ID RPAREN .)
    NUMBER          reduce using rule 24 (Attr -> Table TWODOTS COUNT LPAREN ID RPAREN .)
    LPAREN          reduce using rule 24 (Attr -> Table TWODOTS COUNT LPAREN ID RPAREN .)
    ID              reduce using rule 24 (Attr -> Table TWODOTS COUNT LPAREN ID RPAREN .)
    SELF            reduce using rule 24 (Attr -> Table TWODOTS COUNT LPAREN ID RPAREN .)
    RPAREN          reduce using rule 24 (Attr -> Table TWODOTS COUNT LPAREN ID RPAREN .)


state 87

    (25) Attr -> Table TWODOTS MAX LPAREN ID RPAREN .

    TIMES           reduce using rule 25 (Attr -> Table TWODOTS MAX LPAREN ID RPAREN .)
    DIVIDE          reduce using rule 25 (Attr -> Table TWODOTS MAX LPAREN ID RPAREN .)
    PLUS            reduce using rule 25 (Attr -> Table TWODOTS MAX LPAREN ID RPAREN .)
    MINUS           reduce using rule 25 (Attr -> Table TWODOTS MAX LPAREN ID RPAREN .)
    INT             reduce using rule 25 (Attr -> Table TWODOTS MAX LPAREN ID RPAREN .)
    STR             reduce using rule 25 (Attr -> Table TWODOTS MAX LPAREN ID RPAREN .)
    DATE            reduce using rule 25 (Attr -> Table TWODOTS MAX LPAREN ID RPAREN .)
    DATETIME        reduce using rule 25 (Attr -> Table TWODOTS MAX LPAREN ID RPAREN .)
    SERIAL          reduce using rule 25 (Attr -> Table TWODOTS MAX LPAREN ID RPAREN .)
    AS              reduce using rule 25 (Attr -> Table TWODOTS MAX LPAREN ID RPAREN .)
    RBRACE          reduce using rule 25 (Attr -> Table TWODOTS MAX LPAREN ID RPAREN .)
    NUMBER          reduce using rule 25 (Attr -> Table TWODOTS MAX LPAREN ID RPAREN .)
    LPAREN          reduce using rule 25 (Attr -> Table TWODOTS MAX LPAREN ID RPAREN .)
    ID              reduce using rule 25 (Attr -> Table TWODOTS MAX LPAREN ID RPAREN .)
    SELF            reduce using rule 25 (Attr -> Table TWODOTS MAX LPAREN ID RPAREN .)
    RPAREN          reduce using rule 25 (Attr -> Table TWODOTS MAX LPAREN ID RPAREN .)


state 88

    (26) Attr -> Table TWODOTS MIN LPAREN ID RPAREN .

    TIMES           reduce using rule 26 (Attr -> Table TWODOTS MIN LPAREN ID RPAREN .)
    DIVIDE          reduce using rule 26 (Attr -> Table TWODOTS MIN LPAREN ID RPAREN .)
    PLUS            reduce using rule 26 (Attr -> Table TWODOTS MIN LPAREN ID RPAREN .)
    MINUS           reduce using rule 26 (Attr -> Table TWODOTS MIN LPAREN ID RPAREN .)
    INT             reduce using rule 26 (Attr -> Table TWODOTS MIN LPAREN ID RPAREN .)
    STR             reduce using rule 26 (Attr -> Table TWODOTS MIN LPAREN ID RPAREN .)
    DATE            reduce using rule 26 (Attr -> Table TWODOTS MIN LPAREN ID RPAREN .)
    DATETIME        reduce using rule 26 (Attr -> Table TWODOTS MIN LPAREN ID RPAREN .)
    SERIAL          reduce using rule 26 (Attr -> Table TWODOTS MIN LPAREN ID RPAREN .)
    AS              reduce using rule 26 (Attr -> Table TWODOTS MIN LPAREN ID RPAREN .)
    RBRACE          reduce using rule 26 (Attr -> Table TWODOTS MIN LPAREN ID RPAREN .)
    NUMBER          reduce using rule 26 (Attr -> Table TWODOTS MIN LPAREN ID RPAREN .)
    LPAREN          reduce using rule 26 (Attr -> Table TWODOTS MIN LPAREN ID RPAREN .)
    ID              reduce using rule 26 (Attr -> Table TWODOTS MIN LPAREN ID RPAREN .)
    SELF            reduce using rule 26 (Attr -> Table TWODOTS MIN LPAREN ID RPAREN .)
    RPAREN          reduce using rule 26 (Attr -> Table TWODOTS MIN LPAREN ID RPAREN .)


state 89

    (40) Modifier -> FK TO ID DOT . ID

    ID              shift and go to state 90


state 90

    (40) Modifier -> FK TO ID DOT ID .

    TIMES           reduce using rule 40 (Modifier -> FK TO ID DOT ID .)
    DIVIDE          reduce using rule 40 (Modifier -> FK TO ID DOT ID .)
    PLUS            reduce using rule 40 (Modifier -> FK TO ID DOT ID .)
    MINUS           reduce using rule 40 (Modifier -> FK TO ID DOT ID .)
    INT             reduce using rule 40 (Modifier -> FK TO ID DOT ID .)
    STR             reduce using rule 40 (Modifier -> FK TO ID DOT ID .)
    DATE            reduce using rule 40 (Modifier -> FK TO ID DOT ID .)
    DATETIME        reduce using rule 40 (Modifier -> FK TO ID DOT ID .)
    SERIAL          reduce using rule 40 (Modifier -> FK TO ID DOT ID .)
    AS              reduce using rule 40 (Modifier -> FK TO ID DOT ID .)
    RBRACE          reduce using rule 40 (Modifier -> FK TO ID DOT ID .)
    NUMBER          reduce using rule 40 (Modifier -> FK TO ID DOT ID .)
    LPAREN          reduce using rule 40 (Modifier -> FK TO ID DOT ID .)
    ID              reduce using rule 40 (Modifier -> FK TO ID DOT ID .)
    SELF            reduce using rule 40 (Modifier -> FK TO ID DOT ID .)
    RPAREN          reduce using rule 40 (Modifier -> FK TO ID DOT ID .)

